mode: set
github.com/borscht/backend/internal/restaurant/delivery/http/restaurant.go:17.94,21.2 1 0
github.com/borscht/backend/internal/restaurant/delivery/http/restaurant.go:23.61,29.21 4 0
github.com/borscht/backend/internal/restaurant/delivery/http/restaurant.go:32.2,32.22 1 0
github.com/borscht/backend/internal/restaurant/delivery/http/restaurant.go:36.2,37.16 2 0
github.com/borscht/backend/internal/restaurant/delivery/http/restaurant.go:41.2,41.39 1 0
github.com/borscht/backend/internal/restaurant/delivery/http/restaurant.go:29.21,31.3 1 0
github.com/borscht/backend/internal/restaurant/delivery/http/restaurant.go:32.22,34.3 1 0
github.com/borscht/backend/internal/restaurant/delivery/http/restaurant.go:37.16,39.3 1 0
github.com/borscht/backend/internal/restaurant/delivery/http/restaurant.go:44.69,49.16 4 0
github.com/borscht/backend/internal/restaurant/delivery/http/restaurant.go:53.2,53.43 1 0
github.com/borscht/backend/internal/restaurant/delivery/http/restaurant.go:49.16,51.3 1 0
github.com/borscht/backend/utils/uniq/uniq.go:13.76,20.16 4 0
github.com/borscht/backend/utils/uniq/uniq.go:26.2,26.45 1 0
github.com/borscht/backend/utils/uniq/uniq.go:20.16,24.3 3 0
github.com/borscht/backend/internal/restaurantAdmin/usecase/dish.go:30.62,37.2 1 0
github.com/borscht/backend/internal/restaurantAdmin/usecase/dish.go:39.92,41.9 2 0
github.com/borscht/backend/internal/restaurantAdmin/usecase/dish.go:47.2,48.16 2 0
github.com/borscht/backend/internal/restaurantAdmin/usecase/dish.go:52.2,53.35 2 0
github.com/borscht/backend/internal/restaurantAdmin/usecase/dish.go:68.2,68.22 1 0
github.com/borscht/backend/internal/restaurantAdmin/usecase/dish.go:41.9,45.3 3 0
github.com/borscht/backend/internal/restaurantAdmin/usecase/dish.go:48.16,50.3 1 0
github.com/borscht/backend/internal/restaurantAdmin/usecase/dish.go:53.35,55.17 2 0
github.com/borscht/backend/internal/restaurantAdmin/usecase/dish.go:59.3,65.49 2 0
github.com/borscht/backend/internal/restaurantAdmin/usecase/dish.go:55.17,57.4 1 0
github.com/borscht/backend/internal/restaurantAdmin/usecase/dish.go:71.98,72.18 1 0
github.com/borscht/backend/internal/restaurantAdmin/usecase/dish.go:79.2,80.9 2 0
github.com/borscht/backend/internal/restaurantAdmin/usecase/dish.go:86.2,87.9 2 0
github.com/borscht/backend/internal/restaurantAdmin/usecase/dish.go:93.2,96.16 3 0
github.com/borscht/backend/internal/restaurantAdmin/usecase/dish.go:99.2,99.19 1 0
github.com/borscht/backend/internal/restaurantAdmin/usecase/dish.go:72.18,76.3 3 0
github.com/borscht/backend/internal/restaurantAdmin/usecase/dish.go:80.9,84.3 3 0
github.com/borscht/backend/internal/restaurantAdmin/usecase/dish.go:87.9,91.3 3 0
github.com/borscht/backend/internal/restaurantAdmin/usecase/dish.go:96.16,98.3 1 0
github.com/borscht/backend/internal/restaurantAdmin/usecase/dish.go:102.94,104.9 2 0
github.com/borscht/backend/internal/restaurantAdmin/usecase/dish.go:111.2,112.43 2 0
github.com/borscht/backend/internal/restaurantAdmin/usecase/dish.go:120.2,120.78 1 0
github.com/borscht/backend/internal/restaurantAdmin/usecase/dish.go:104.9,108.3 3 0
github.com/borscht/backend/internal/restaurantAdmin/usecase/dish.go:112.43,115.17 3 0
github.com/borscht/backend/internal/restaurantAdmin/usecase/dish.go:115.17,117.4 1 0
github.com/borscht/backend/internal/restaurantAdmin/usecase/dish.go:123.91,124.23 1 0
github.com/borscht/backend/internal/restaurantAdmin/usecase/dish.go:130.2,131.9 2 0
github.com/borscht/backend/internal/restaurantAdmin/usecase/dish.go:137.2,140.16 3 0
github.com/borscht/backend/internal/restaurantAdmin/usecase/dish.go:143.2,146.27 4 0
github.com/borscht/backend/internal/restaurantAdmin/usecase/dish.go:124.23,128.3 3 0
github.com/borscht/backend/internal/restaurantAdmin/usecase/dish.go:131.9,135.3 3 0
github.com/borscht/backend/internal/restaurantAdmin/usecase/dish.go:140.16,142.3 1 0
github.com/borscht/backend/internal/restaurantAdmin/usecase/dish.go:149.135,150.17 1 0
github.com/borscht/backend/internal/restaurantAdmin/usecase/dish.go:156.2,157.9 2 0
github.com/borscht/backend/internal/restaurantAdmin/usecase/dish.go:164.2,167.21 3 0
github.com/borscht/backend/internal/restaurantAdmin/usecase/dish.go:172.2,173.43 2 0
github.com/borscht/backend/internal/restaurantAdmin/usecase/dish.go:181.2,183.16 3 0
github.com/borscht/backend/internal/restaurantAdmin/usecase/dish.go:187.2,189.16 3 0
github.com/borscht/backend/internal/restaurantAdmin/usecase/dish.go:193.2,197.22 2 0
github.com/borscht/backend/internal/restaurantAdmin/usecase/dish.go:150.17,154.3 3 0
github.com/borscht/backend/internal/restaurantAdmin/usecase/dish.go:157.9,161.3 3 0
github.com/borscht/backend/internal/restaurantAdmin/usecase/dish.go:167.21,169.3 1 0
github.com/borscht/backend/internal/restaurantAdmin/usecase/dish.go:173.43,176.17 3 0
github.com/borscht/backend/internal/restaurantAdmin/usecase/dish.go:176.17,178.4 1 0
github.com/borscht/backend/internal/restaurantAdmin/usecase/dish.go:183.16,185.3 1 0
github.com/borscht/backend/internal/restaurantAdmin/usecase/dish.go:189.16,191.3 1 0
github.com/borscht/backend/internal/restaurantAdmin/usecase/dish.go:200.79,202.16 2 0
github.com/borscht/backend/internal/restaurantAdmin/usecase/dish.go:206.2,207.9 2 0
github.com/borscht/backend/internal/restaurantAdmin/usecase/dish.go:213.2,213.38 1 0
github.com/borscht/backend/internal/restaurantAdmin/usecase/dish.go:217.2,217.13 1 0
github.com/borscht/backend/internal/restaurantAdmin/usecase/dish.go:202.16,204.3 1 0
github.com/borscht/backend/internal/restaurantAdmin/usecase/dish.go:207.9,211.3 3 0
github.com/borscht/backend/internal/restaurantAdmin/usecase/dish.go:213.38,215.3 1 0
github.com/borscht/backend/internal/restaurantAdmin/usecase/restaurant.go:24.68,30.2 1 0
github.com/borscht/backend/internal/restaurantAdmin/usecase/restaurant.go:33.33,36.9 2 0
github.com/borscht/backend/internal/restaurantAdmin/usecase/restaurant.go:42.2,44.16 3 0
github.com/borscht/backend/internal/restaurantAdmin/usecase/restaurant.go:48.2,62.32 4 0
github.com/borscht/backend/internal/restaurantAdmin/usecase/restaurant.go:36.9,40.3 3 0
github.com/borscht/backend/internal/restaurantAdmin/usecase/restaurant.go:44.16,46.3 1 0
github.com/borscht/backend/internal/restaurantAdmin/usecase/restaurant.go:65.132,69.16 3 0
github.com/borscht/backend/internal/restaurantAdmin/usecase/restaurant.go:72.2,73.25 2 0
github.com/borscht/backend/internal/restaurantAdmin/usecase/restaurant.go:69.16,71.3 1 0
github.com/borscht/backend/internal/restaurantAdmin/usecase/restaurant.go:76.131,78.2 1 0
github.com/borscht/backend/internal/restaurantAdmin/usecase/restaurant.go:80.99,82.2 1 0
github.com/borscht/backend/internal/restaurantAdmin/usecase/restaurant.go:84.141,89.21 3 0
github.com/borscht/backend/internal/restaurantAdmin/usecase/restaurant.go:94.2,95.9 2 0
github.com/borscht/backend/internal/restaurantAdmin/usecase/restaurant.go:101.2,101.47 1 0
github.com/borscht/backend/internal/restaurantAdmin/usecase/restaurant.go:109.2,111.16 3 0
github.com/borscht/backend/internal/restaurantAdmin/usecase/restaurant.go:115.2,117.16 3 0
github.com/borscht/backend/internal/restaurantAdmin/usecase/restaurant.go:121.2,124.22 2 0
github.com/borscht/backend/internal/restaurantAdmin/usecase/restaurant.go:89.21,91.3 1 0
github.com/borscht/backend/internal/restaurantAdmin/usecase/restaurant.go:95.9,99.3 3 0
github.com/borscht/backend/internal/restaurantAdmin/usecase/restaurant.go:101.47,104.17 3 0
github.com/borscht/backend/internal/restaurantAdmin/usecase/restaurant.go:104.17,106.4 1 0
github.com/borscht/backend/internal/restaurantAdmin/usecase/restaurant.go:111.16,113.3 1 0
github.com/borscht/backend/internal/restaurantAdmin/usecase/restaurant.go:117.16,119.3 1 0
github.com/borscht/backend/internal/session/usecase/session.go:15.83,19.2 1 0
github.com/borscht/backend/internal/session/usecase/session.go:22.103,24.2 1 0
github.com/borscht/backend/internal/session/usecase/session.go:27.102,29.6 2 0
github.com/borscht/backend/internal/session/usecase/session.go:38.2,44.16 3 0
github.com/borscht/backend/internal/session/usecase/session.go:48.2,48.21 1 0
github.com/borscht/backend/internal/session/usecase/session.go:29.6,33.26 3 0
github.com/borscht/backend/internal/session/usecase/session.go:33.26,34.9 1 0
github.com/borscht/backend/internal/session/usecase/session.go:44.16,46.3 1 0
github.com/borscht/backend/internal/session/usecase/session.go:51.76,54.2 1 0
github.com/borscht/backend/internal/restaurantAdmin/repository/restaurant.go:18.72,22.2 1 0
github.com/borscht/backend/internal/restaurantAdmin/repository/restaurant.go:24.113,32.16 3 0
github.com/borscht/backend/internal/restaurantAdmin/repository/restaurant.go:36.2,42.16 2 0
github.com/borscht/backend/internal/restaurantAdmin/repository/restaurant.go:48.2,48.12 1 0
github.com/borscht/backend/internal/restaurantAdmin/repository/restaurant.go:32.16,34.3 1 0
github.com/borscht/backend/internal/restaurantAdmin/repository/restaurant.go:42.16,46.3 3 0
github.com/borscht/backend/internal/restaurantAdmin/repository/restaurant.go:51.121,54.70 3 0
github.com/borscht/backend/internal/restaurantAdmin/repository/restaurant.go:58.2,59.70 2 0
github.com/borscht/backend/internal/restaurantAdmin/repository/restaurant.go:63.2,64.70 2 0
github.com/borscht/backend/internal/restaurantAdmin/repository/restaurant.go:68.2,68.12 1 0
github.com/borscht/backend/internal/restaurantAdmin/repository/restaurant.go:54.70,56.3 1 0
github.com/borscht/backend/internal/restaurantAdmin/repository/restaurant.go:59.70,61.3 1 0
github.com/borscht/backend/internal/restaurantAdmin/repository/restaurant.go:64.70,66.3 1 0
github.com/borscht/backend/internal/restaurantAdmin/repository/restaurant.go:71.113,79.16 4 0
github.com/borscht/backend/internal/restaurantAdmin/repository/restaurant.go:82.2,92.16 4 0
github.com/borscht/backend/internal/restaurantAdmin/repository/restaurant.go:98.2,98.17 1 0
github.com/borscht/backend/internal/restaurantAdmin/repository/restaurant.go:79.16,81.3 1 0
github.com/borscht/backend/internal/restaurantAdmin/repository/restaurant.go:92.16,96.3 3 0
github.com/borscht/backend/internal/restaurantAdmin/repository/restaurant.go:101.109,104.16 2 0
github.com/borscht/backend/internal/restaurantAdmin/repository/restaurant.go:110.2,110.12 1 0
github.com/borscht/backend/internal/restaurantAdmin/repository/restaurant.go:104.16,108.3 3 0
github.com/borscht/backend/internal/restaurantAdmin/repository/restaurant.go:113.141,123.26 3 0
github.com/borscht/backend/internal/restaurantAdmin/repository/restaurant.go:126.2,126.16 1 0
github.com/borscht/backend/internal/restaurantAdmin/repository/restaurant.go:132.2,132.24 1 0
github.com/borscht/backend/internal/restaurantAdmin/repository/restaurant.go:123.26,125.3 1 0
github.com/borscht/backend/internal/restaurantAdmin/repository/restaurant.go:126.16,130.3 3 0
github.com/borscht/backend/internal/restaurantAdmin/repository/restaurant.go:135.96,137.16 2 0
github.com/borscht/backend/internal/restaurantAdmin/repository/restaurant.go:141.2,142.20 2 0
github.com/borscht/backend/internal/restaurantAdmin/repository/restaurant.go:155.2,155.24 1 0
github.com/borscht/backend/internal/restaurantAdmin/repository/restaurant.go:137.16,139.3 1 0
github.com/borscht/backend/internal/restaurantAdmin/repository/restaurant.go:142.20,149.17 2 0
github.com/borscht/backend/internal/restaurantAdmin/repository/restaurant.go:149.17,153.4 3 0
github.com/borscht/backend/internal/restaurant/usecase/restaurant.go:14.86,18.2 1 0
github.com/borscht/backend/internal/restaurant/usecase/restaurant.go:20.112,22.2 1 0
github.com/borscht/backend/internal/restaurant/usecase/restaurant.go:24.106,26.2 1 0
github.com/borscht/backend/internal/restaurantAdmin/delivery/http/restaurant.go:24.78,30.2 1 0
github.com/borscht/backend/internal/restaurantAdmin/delivery/http/restaurant.go:32.71,36.43 3 0
github.com/borscht/backend/internal/restaurantAdmin/delivery/http/restaurant.go:42.2,43.16 2 0
github.com/borscht/backend/internal/restaurantAdmin/delivery/http/restaurant.go:47.2,47.52 1 0
github.com/borscht/backend/internal/restaurantAdmin/delivery/http/restaurant.go:36.43,40.3 3 0
github.com/borscht/backend/internal/restaurantAdmin/delivery/http/restaurant.go:43.16,45.3 1 0
github.com/borscht/backend/internal/restaurantAdmin/delivery/http/restaurant.go:50.56,59.2 2 0
github.com/borscht/backend/internal/restaurantAdmin/delivery/http/restaurant.go:61.67,64.46 3 0
github.com/borscht/backend/internal/restaurantAdmin/delivery/http/restaurant.go:70.2,70.76 1 0
github.com/borscht/backend/internal/restaurantAdmin/delivery/http/restaurant.go:74.2,75.16 2 0
github.com/borscht/backend/internal/restaurantAdmin/delivery/http/restaurant.go:79.2,84.16 3 0
github.com/borscht/backend/internal/restaurantAdmin/delivery/http/restaurant.go:88.2,91.41 3 0
github.com/borscht/backend/internal/restaurantAdmin/delivery/http/restaurant.go:64.46,68.3 3 0
github.com/borscht/backend/internal/restaurantAdmin/delivery/http/restaurant.go:70.76,72.3 1 0
github.com/borscht/backend/internal/restaurantAdmin/delivery/http/restaurant.go:75.16,77.3 1 0
github.com/borscht/backend/internal/restaurantAdmin/delivery/http/restaurant.go:84.16,86.3 1 0
github.com/borscht/backend/internal/restaurantAdmin/delivery/http/restaurant.go:94.56,98.40 3 0
github.com/borscht/backend/internal/restaurantAdmin/delivery/http/restaurant.go:104.2,104.83 1 0
github.com/borscht/backend/internal/restaurantAdmin/delivery/http/restaurant.go:108.2,109.16 2 0
github.com/borscht/backend/internal/restaurantAdmin/delivery/http/restaurant.go:113.2,119.16 3 0
github.com/borscht/backend/internal/restaurantAdmin/delivery/http/restaurant.go:122.2,125.41 3 0
github.com/borscht/backend/internal/restaurantAdmin/delivery/http/restaurant.go:98.40,102.3 3 0
github.com/borscht/backend/internal/restaurantAdmin/delivery/http/restaurant.go:104.83,106.3 1 0
github.com/borscht/backend/internal/restaurantAdmin/delivery/http/restaurant.go:109.16,111.3 1 0
github.com/borscht/backend/internal/restaurantAdmin/delivery/http/restaurant.go:119.16,121.3 1 0
github.com/borscht/backend/internal/restaurantAdmin/delivery/http/restaurant.go:128.62,133.2 4 0
github.com/borscht/backend/internal/restaurantAdmin/delivery/http/restaurant.go:135.72,139.16 3 0
github.com/borscht/backend/internal/restaurantAdmin/delivery/http/restaurant.go:145.2,146.16 2 0
github.com/borscht/backend/internal/restaurantAdmin/delivery/http/restaurant.go:150.2,150.41 1 0
github.com/borscht/backend/internal/restaurantAdmin/delivery/http/restaurant.go:139.16,143.3 3 0
github.com/borscht/backend/internal/restaurantAdmin/delivery/http/restaurant.go:146.16,148.3 1 0
github.com/borscht/backend/internal/restaurantAdmin/repository/dish.go:19.60,23.2 1 0
github.com/borscht/backend/internal/restaurantAdmin/repository/dish.go:25.91,28.16 2 0
github.com/borscht/backend/internal/restaurantAdmin/repository/dish.go:34.2,35.22 2 0
github.com/borscht/backend/internal/restaurantAdmin/repository/dish.go:49.2,49.20 1 0
github.com/borscht/backend/internal/restaurantAdmin/repository/dish.go:28.16,32.3 3 0
github.com/borscht/backend/internal/restaurantAdmin/repository/dish.go:35.22,47.3 3 0
github.com/borscht/backend/internal/restaurantAdmin/repository/dish.go:52.79,59.16 3 0
github.com/borscht/backend/internal/restaurantAdmin/repository/dish.go:63.2,66.16 2 0
github.com/borscht/backend/internal/restaurantAdmin/repository/dish.go:72.2,72.12 1 0
github.com/borscht/backend/internal/restaurantAdmin/repository/dish.go:59.16,61.3 1 0
github.com/borscht/backend/internal/restaurantAdmin/repository/dish.go:66.16,70.3 3 0
github.com/borscht/backend/internal/restaurantAdmin/repository/dish.go:75.79,77.16 2 0
github.com/borscht/backend/internal/restaurantAdmin/repository/dish.go:81.2,82.20 2 0
github.com/borscht/backend/internal/restaurantAdmin/repository/dish.go:99.2,99.18 1 0
github.com/borscht/backend/internal/restaurantAdmin/repository/dish.go:77.16,79.3 1 0
github.com/borscht/backend/internal/restaurantAdmin/repository/dish.go:82.20,92.17 2 0
github.com/borscht/backend/internal/restaurantAdmin/repository/dish.go:92.17,96.4 3 0
github.com/borscht/backend/internal/restaurantAdmin/repository/dish.go:102.66,104.16 2 0
github.com/borscht/backend/internal/restaurantAdmin/repository/dish.go:110.2,110.12 1 0
github.com/borscht/backend/internal/restaurantAdmin/repository/dish.go:104.16,108.3 3 0
github.com/borscht/backend/internal/restaurantAdmin/repository/dish.go:113.97,115.16 2 0
github.com/borscht/backend/internal/restaurantAdmin/repository/dish.go:120.2,120.20 1 0
github.com/borscht/backend/internal/restaurantAdmin/repository/dish.go:129.2,129.12 1 0
github.com/borscht/backend/internal/restaurantAdmin/repository/dish.go:115.16,119.3 3 0
github.com/borscht/backend/internal/restaurantAdmin/repository/dish.go:120.20,124.60 4 0
github.com/borscht/backend/internal/restaurantAdmin/repository/dish.go:124.60,126.4 1 0
github.com/borscht/backend/internal/restaurantAdmin/repository/dish.go:132.79,138.16 3 0
github.com/borscht/backend/internal/restaurantAdmin/repository/dish.go:142.2,147.16 3 0
github.com/borscht/backend/internal/restaurantAdmin/repository/dish.go:153.2,153.17 1 0
github.com/borscht/backend/internal/restaurantAdmin/repository/dish.go:138.16,140.3 1 0
github.com/borscht/backend/internal/restaurantAdmin/repository/dish.go:147.16,151.3 3 0
github.com/borscht/backend/internal/restaurantAdmin/repository/dish.go:156.91,159.16 2 0
github.com/borscht/backend/internal/restaurantAdmin/repository/dish.go:165.2,165.12 1 0
github.com/borscht/backend/internal/restaurantAdmin/repository/dish.go:159.16,163.3 3 0
github.com/borscht/backend/internal/order/repository/order.go:18.47,22.2 1 0
github.com/borscht/backend/internal/order/repository/order.go:24.102,30.26 4 0
github.com/borscht/backend/internal/order/repository/order.go:57.2,57.29 1 0
github.com/borscht/backend/internal/order/repository/order.go:67.2,68.16 2 0
github.com/borscht/backend/internal/order/repository/order.go:73.2,74.16 2 0
github.com/borscht/backend/internal/order/repository/order.go:78.2,78.12 1 0
github.com/borscht/backend/internal/order/repository/order.go:30.26,33.17 2 0
github.com/borscht/backend/internal/order/repository/order.go:39.3,40.17 2 0
github.com/borscht/backend/internal/order/repository/order.go:46.3,49.17 3 0
github.com/borscht/backend/internal/order/repository/order.go:33.17,36.4 2 0
github.com/borscht/backend/internal/order/repository/order.go:40.17,44.4 3 0
github.com/borscht/backend/internal/order/repository/order.go:49.17,53.4 3 0
github.com/borscht/backend/internal/order/repository/order.go:57.29,59.17 2 0
github.com/borscht/backend/internal/order/repository/order.go:63.3,63.13 1 0
github.com/borscht/backend/internal/order/repository/order.go:59.17,62.4 2 0
github.com/borscht/backend/internal/order/repository/order.go:68.16,71.3 2 0
github.com/borscht/backend/internal/order/repository/order.go:74.16,77.3 2 0
github.com/borscht/backend/internal/order/repository/order.go:82.95,87.16 4 0
github.com/borscht/backend/internal/order/repository/order.go:93.2,98.16 4 0
github.com/borscht/backend/internal/order/repository/order.go:104.2,108.16 3 0
github.com/borscht/backend/internal/order/repository/order.go:114.2,115.16 2 0
github.com/borscht/backend/internal/order/repository/order.go:121.2,122.16 2 0
github.com/borscht/backend/internal/order/repository/order.go:127.2,127.12 1 0
github.com/borscht/backend/internal/order/repository/order.go:87.16,90.3 2 0
github.com/borscht/backend/internal/order/repository/order.go:98.16,101.3 2 0
github.com/borscht/backend/internal/order/repository/order.go:108.16,111.3 2 0
github.com/borscht/backend/internal/order/repository/order.go:115.16,118.3 2 0
github.com/borscht/backend/internal/order/repository/order.go:122.16,125.3 2 0
github.com/borscht/backend/internal/order/repository/order.go:130.88,133.16 2 0
github.com/borscht/backend/internal/order/repository/order.go:137.2,138.22 2 0
github.com/borscht/backend/internal/order/repository/order.go:173.2,173.20 1 0
github.com/borscht/backend/internal/order/repository/order.go:133.16,136.3 2 0
github.com/borscht/backend/internal/order/repository/order.go:138.22,154.18 4 0
github.com/borscht/backend/internal/order/repository/order.go:159.3,160.23 2 0
github.com/borscht/backend/internal/order/repository/order.go:168.3,170.34 2 0
github.com/borscht/backend/internal/order/repository/order.go:154.18,157.4 2 0
github.com/borscht/backend/internal/order/repository/order.go:160.23,167.4 3 0
github.com/borscht/backend/internal/order/repository/order.go:176.108,179.16 2 0
github.com/borscht/backend/internal/order/repository/order.go:184.2,185.22 2 0
github.com/borscht/backend/internal/order/repository/order.go:200.2,200.20 1 0
github.com/borscht/backend/internal/order/repository/order.go:179.16,182.3 2 0
github.com/borscht/backend/internal/order/repository/order.go:185.22,198.3 3 0
github.com/borscht/backend/internal/models/context.go:22.46,34.2 3 0
github.com/borscht/backend/internal/models/context.go:36.49,42.2 4 0
github.com/borscht/backend/internal/models/context.go:44.59,55.2 4 0
github.com/borscht/backend/internal/models/context.go:57.61,59.52 1 0
github.com/borscht/backend/internal/models/context.go:63.2,71.51 4 0
github.com/borscht/backend/internal/models/context.go:59.52,61.3 1 0
github.com/borscht/backend/internal/order/usecase/order.go:13.63,17.2 1 0
github.com/borscht/backend/internal/order/usecase/order.go:19.97,21.2 1 0
github.com/borscht/backend/internal/order/usecase/order.go:23.98,25.2 1 0
github.com/borscht/backend/internal/order/usecase/order.go:27.91,29.2 1 0
github.com/borscht/backend/internal/order/usecase/order.go:31.111,33.2 1 0
github.com/borscht/backend/internal/restaurantAdmin/usecase/section.go:16.106,21.2 1 0
github.com/borscht/backend/internal/restaurantAdmin/usecase/section.go:23.106,25.9 2 0
github.com/borscht/backend/internal/restaurantAdmin/usecase/section.go:31.2,34.16 3 0
github.com/borscht/backend/internal/restaurantAdmin/usecase/section.go:38.2,39.22 2 0
github.com/borscht/backend/internal/restaurantAdmin/usecase/section.go:25.9,29.3 3 0
github.com/borscht/backend/internal/restaurantAdmin/usecase/section.go:34.16,36.3 1 0
github.com/borscht/backend/internal/restaurantAdmin/usecase/section.go:42.109,43.21 1 0
github.com/borscht/backend/internal/restaurantAdmin/usecase/section.go:50.2,51.9 2 0
github.com/borscht/backend/internal/restaurantAdmin/usecase/section.go:57.2,58.9 2 0
github.com/borscht/backend/internal/restaurantAdmin/usecase/section.go:64.2,67.16 3 0
github.com/borscht/backend/internal/restaurantAdmin/usecase/section.go:70.2,70.22 1 0
github.com/borscht/backend/internal/restaurantAdmin/usecase/section.go:43.21,47.3 3 0
github.com/borscht/backend/internal/restaurantAdmin/usecase/section.go:51.9,55.3 3 0
github.com/borscht/backend/internal/restaurantAdmin/usecase/section.go:58.9,62.3 3 0
github.com/borscht/backend/internal/restaurantAdmin/usecase/section.go:67.16,69.3 1 0
github.com/borscht/backend/internal/restaurantAdmin/usecase/section.go:73.100,76.9 3 0
github.com/borscht/backend/internal/restaurantAdmin/usecase/section.go:82.2,82.84 1 0
github.com/borscht/backend/internal/restaurantAdmin/usecase/section.go:76.9,80.3 3 0
github.com/borscht/backend/internal/restaurantAdmin/usecase/section.go:85.88,87.16 2 0
github.com/borscht/backend/internal/restaurantAdmin/usecase/section.go:92.2,93.9 2 0
github.com/borscht/backend/internal/restaurantAdmin/usecase/section.go:99.2,103.41 2 0
github.com/borscht/backend/internal/restaurantAdmin/usecase/section.go:107.2,107.13 1 0
github.com/borscht/backend/internal/restaurantAdmin/usecase/section.go:87.16,90.3 2 0
github.com/borscht/backend/internal/restaurantAdmin/usecase/section.go:93.9,97.3 3 0
github.com/borscht/backend/internal/restaurantAdmin/usecase/section.go:103.41,105.3 1 0
github.com/borscht/backend/internal/user/usecase/user.go:29.81,34.2 1 0
github.com/borscht/backend/internal/user/usecase/user.go:36.109,40.16 3 0
github.com/borscht/backend/internal/user/usecase/user.go:43.2,51.22 4 0
github.com/borscht/backend/internal/user/usecase/user.go:40.16,42.3 1 0
github.com/borscht/backend/internal/user/usecase/user.go:54.104,56.2 1 0
github.com/borscht/backend/internal/user/usecase/user.go:58.83,60.2 1 0
github.com/borscht/backend/internal/user/usecase/user.go:62.117,64.9 2 0
github.com/borscht/backend/internal/user/usecase/user.go:70.2,72.16 3 0
github.com/borscht/backend/internal/user/usecase/user.go:76.2,90.22 3 0
github.com/borscht/backend/internal/user/usecase/user.go:64.9,68.3 3 0
github.com/borscht/backend/internal/user/usecase/user.go:72.16,74.3 1 0
github.com/borscht/backend/internal/user/usecase/user.go:93.121,98.21 3 0
github.com/borscht/backend/internal/user/usecase/user.go:103.2,104.9 2 0
github.com/borscht/backend/internal/user/usecase/user.go:110.2,110.41 1 0
github.com/borscht/backend/internal/user/usecase/user.go:118.2,120.16 3 0
github.com/borscht/backend/internal/user/usecase/user.go:124.2,126.16 3 0
github.com/borscht/backend/internal/user/usecase/user.go:130.2,133.22 2 0
github.com/borscht/backend/internal/user/usecase/user.go:98.21,100.3 1 0
github.com/borscht/backend/internal/user/usecase/user.go:104.9,108.3 3 0
github.com/borscht/backend/internal/user/usecase/user.go:110.41,113.17 3 0
github.com/borscht/backend/internal/user/usecase/user.go:113.17,115.4 1 0
github.com/borscht/backend/internal/user/usecase/user.go:120.16,122.3 1 0
github.com/borscht/backend/internal/user/usecase/user.go:126.16,128.3 1 0
github.com/borscht/backend/middleware/authAdmin.go:17.76,18.36 1 0
github.com/borscht/backend/middleware/authAdmin.go:18.36,21.17 3 0
github.com/borscht/backend/middleware/authAdmin.go:25.3,28.17 4 0
github.com/borscht/backend/middleware/authAdmin.go:31.3,31.14 1 0
github.com/borscht/backend/middleware/authAdmin.go:35.3,35.43 1 0
github.com/borscht/backend/middleware/authAdmin.go:39.3,40.17 2 0
github.com/borscht/backend/middleware/authAdmin.go:43.3,47.17 4 0
github.com/borscht/backend/middleware/authAdmin.go:21.17,23.4 1 0
github.com/borscht/backend/middleware/authAdmin.go:28.17,30.4 1 0
github.com/borscht/backend/middleware/authAdmin.go:31.14,33.4 1 0
github.com/borscht/backend/middleware/authAdmin.go:35.43,37.4 1 0
github.com/borscht/backend/middleware/authAdmin.go:40.17,42.4 1 0
github.com/borscht/backend/middleware/authAdmin.go:51.135,56.2 1 0
github.com/borscht/backend/internal/image/repository/image.go:17.37,19.2 1 0
github.com/borscht/backend/internal/image/repository/image.go:21.105,24.16 2 0
github.com/borscht/backend/internal/image/repository/image.go:29.2,33.16 3 0
github.com/borscht/backend/internal/image/repository/image.go:38.2,41.44 2 0
github.com/borscht/backend/internal/image/repository/image.go:47.2,47.12 1 0
github.com/borscht/backend/internal/image/repository/image.go:24.16,28.3 3 0
github.com/borscht/backend/internal/image/repository/image.go:33.16,37.3 3 0
github.com/borscht/backend/internal/image/repository/image.go:41.44,45.3 3 0
github.com/borscht/backend/internal/image/repository/image.go:50.76,53.16 2 0
github.com/borscht/backend/internal/image/repository/image.go:59.2,60.12 2 0
github.com/borscht/backend/internal/image/repository/image.go:53.16,57.3 3 0
github.com/borscht/backend/utils/validation/validation.go:11.40,12.21 1 0
github.com/borscht/backend/utils/validation/validation.go:16.2,16.36 1 0
github.com/borscht/backend/utils/validation/validation.go:20.2,20.12 1 0
github.com/borscht/backend/utils/validation/validation.go:12.21,14.3 1 0
github.com/borscht/backend/utils/validation/validation.go:16.36,18.3 1 0
github.com/borscht/backend/utils/validation/validation.go:23.47,24.22 1 0
github.com/borscht/backend/utils/validation/validation.go:28.2,28.43 1 0
github.com/borscht/backend/utils/validation/validation.go:32.2,32.12 1 0
github.com/borscht/backend/utils/validation/validation.go:24.22,26.3 1 0
github.com/borscht/backend/utils/validation/validation.go:28.43,30.3 1 0
github.com/borscht/backend/utils/validation/validation.go:35.46,38.25 2 0
github.com/borscht/backend/utils/validation/validation.go:42.2,42.47 1 0
github.com/borscht/backend/utils/validation/validation.go:46.2,46.12 1 0
github.com/borscht/backend/utils/validation/validation.go:38.25,40.3 1 0
github.com/borscht/backend/utils/validation/validation.go:42.47,44.3 1 0
github.com/borscht/backend/utils/validation/validation.go:49.38,50.20 1 0
github.com/borscht/backend/utils/validation/validation.go:54.2,54.12 1 0
github.com/borscht/backend/utils/validation/validation.go:50.20,52.3 1 0
github.com/borscht/backend/utils/validation/validation.go:57.40,58.76 1 0
github.com/borscht/backend/utils/validation/validation.go:62.2,62.12 1 0
github.com/borscht/backend/utils/validation/validation.go:58.76,60.3 1 0
github.com/borscht/backend/internal/restaurantAdmin/delivery/http/section.go:15.100,19.2 1 0
github.com/borscht/backend/internal/restaurantAdmin/delivery/http/section.go:21.58,25.43 3 0
github.com/borscht/backend/internal/restaurantAdmin/delivery/http/section.go:31.2,32.16 2 0
github.com/borscht/backend/internal/restaurantAdmin/delivery/http/section.go:36.2,36.42 1 0
github.com/borscht/backend/internal/restaurantAdmin/delivery/http/section.go:25.43,29.3 3 0
github.com/borscht/backend/internal/restaurantAdmin/delivery/http/section.go:32.16,34.3 1 0
github.com/borscht/backend/internal/restaurantAdmin/delivery/http/section.go:39.61,43.40 3 0
github.com/borscht/backend/internal/restaurantAdmin/delivery/http/section.go:49.2,50.16 2 0
github.com/borscht/backend/internal/restaurantAdmin/delivery/http/section.go:54.2,54.41 1 0
github.com/borscht/backend/internal/restaurantAdmin/delivery/http/section.go:43.40,47.3 3 0
github.com/borscht/backend/internal/restaurantAdmin/delivery/http/section.go:50.16,52.3 1 0
github.com/borscht/backend/internal/restaurantAdmin/delivery/http/section.go:57.61,61.46 3 0
github.com/borscht/backend/internal/restaurantAdmin/delivery/http/section.go:67.2,68.16 2 0
github.com/borscht/backend/internal/restaurantAdmin/delivery/http/section.go:72.2,72.42 1 0
github.com/borscht/backend/internal/restaurantAdmin/delivery/http/section.go:61.46,65.3 3 0
github.com/borscht/backend/internal/restaurantAdmin/delivery/http/section.go:68.16,70.3 1 0
github.com/borscht/backend/middleware/auth.go:19.71,20.36 1 0
github.com/borscht/backend/middleware/auth.go:20.36,24.17 4 0
github.com/borscht/backend/middleware/auth.go:28.3,33.17 5 0
github.com/borscht/backend/middleware/auth.go:36.3,36.14 1 0
github.com/borscht/backend/middleware/auth.go:40.3,40.42 1 0
github.com/borscht/backend/middleware/auth.go:49.3,49.43 1 0
github.com/borscht/backend/middleware/auth.go:58.3,58.17 1 0
github.com/borscht/backend/middleware/auth.go:24.17,26.4 1 0
github.com/borscht/backend/middleware/auth.go:33.17,35.4 1 0
github.com/borscht/backend/middleware/auth.go:36.14,38.4 1 0
github.com/borscht/backend/middleware/auth.go:40.42,42.18 2 0
github.com/borscht/backend/middleware/auth.go:45.4,46.23 2 0
github.com/borscht/backend/middleware/auth.go:42.18,44.5 1 0
github.com/borscht/backend/middleware/auth.go:49.43,51.18 2 0
github.com/borscht/backend/middleware/auth.go:54.4,55.35 2 0
github.com/borscht/backend/middleware/auth.go:51.18,53.5 1 0
github.com/borscht/backend/middleware/auth.go:62.177,68.2 1 0
github.com/borscht/backend/internal/restaurantAdmin/repository/section.go:18.66,22.2 1 0
github.com/borscht/backend/internal/restaurantAdmin/repository/section.go:24.91,30.16 3 0
github.com/borscht/backend/internal/restaurantAdmin/repository/section.go:34.2,37.16 3 0
github.com/borscht/backend/internal/restaurantAdmin/repository/section.go:43.2,43.17 1 0
github.com/borscht/backend/internal/restaurantAdmin/repository/section.go:30.16,32.3 1 0
github.com/borscht/backend/internal/restaurantAdmin/repository/section.go:37.16,41.3 3 0
github.com/borscht/backend/internal/restaurantAdmin/repository/section.go:46.87,53.16 3 0
github.com/borscht/backend/internal/restaurantAdmin/repository/section.go:57.2,60.16 2 0
github.com/borscht/backend/internal/restaurantAdmin/repository/section.go:66.2,66.12 1 0
github.com/borscht/backend/internal/restaurantAdmin/repository/section.go:53.16,55.3 1 0
github.com/borscht/backend/internal/restaurantAdmin/repository/section.go:60.16,64.3 3 0
github.com/borscht/backend/internal/restaurantAdmin/repository/section.go:69.72,71.16 2 0
github.com/borscht/backend/internal/restaurantAdmin/repository/section.go:77.2,77.12 1 0
github.com/borscht/backend/internal/restaurantAdmin/repository/section.go:71.16,75.3 3 0
github.com/borscht/backend/internal/restaurantAdmin/repository/section.go:80.88,82.16 2 0
github.com/borscht/backend/internal/restaurantAdmin/repository/section.go:86.2,87.23 2 0
github.com/borscht/backend/internal/restaurantAdmin/repository/section.go:100.2,100.21 1 0
github.com/borscht/backend/internal/restaurantAdmin/repository/section.go:82.16,84.3 1 0
github.com/borscht/backend/internal/restaurantAdmin/repository/section.go:87.23,93.17 2 0
github.com/borscht/backend/internal/restaurantAdmin/repository/section.go:93.17,97.4 3 0
github.com/borscht/backend/internal/restaurantAdmin/repository/section.go:103.102,106.16 2 0
github.com/borscht/backend/internal/restaurantAdmin/repository/section.go:112.2,113.24 2 0
github.com/borscht/backend/internal/restaurantAdmin/repository/section.go:122.2,122.22 1 0
github.com/borscht/backend/internal/restaurantAdmin/repository/section.go:106.16,110.3 3 0
github.com/borscht/backend/internal/restaurantAdmin/repository/section.go:113.24,120.3 3 0
github.com/borscht/backend/internal/restaurantAdmin/repository/section.go:125.109,127.16 2 0
github.com/borscht/backend/internal/restaurantAdmin/repository/section.go:132.2,132.22 1 0
github.com/borscht/backend/internal/restaurantAdmin/repository/section.go:141.2,141.12 1 0
github.com/borscht/backend/internal/restaurantAdmin/repository/section.go:127.16,131.3 3 0
github.com/borscht/backend/internal/restaurantAdmin/repository/section.go:132.22,136.72 4 0
github.com/borscht/backend/internal/restaurantAdmin/repository/section.go:136.72,138.4 1 0
github.com/borscht/backend/middleware/logger.go:13.60,15.36 1 0
github.com/borscht/backend/middleware/logger.go:15.36,32.3 7 0
github.com/borscht/backend/middleware/error.go:11.46,18.2 4 0
github.com/borscht/backend/utils/logger/logger.go:19.19,26.2 2 0
github.com/borscht/backend/utils/logger/logger.go:32.69,35.2 1 0
github.com/borscht/backend/utils/logger/logger.go:37.68,40.2 1 0
github.com/borscht/backend/utils/logger/logger.go:42.68,45.2 1 0
github.com/borscht/backend/utils/logger/logger.go:47.65,51.2 1 0
github.com/borscht/backend/utils/logger/logger.go:53.77,57.2 1 0
github.com/borscht/backend/utils/logger/logger.go:59.78,63.2 1 0
github.com/borscht/backend/utils/logger/logger.go:65.84,69.2 1 0
github.com/borscht/backend/utils/logger/logger.go:71.30,75.2 1 0
github.com/borscht/backend/utils/logger/logger.go:77.32,81.2 1 0
github.com/borscht/backend/utils/logger/logger.go:83.31,87.2 1 0
github.com/borscht/backend/utils/logger/logger.go:89.28,93.2 1 0
github.com/borscht/backend/utils/logger/logger.go:95.32,99.2 1 0
github.com/borscht/backend/utils/validation/validationCases.go:5.58,7.16 2 0
github.com/borscht/backend/utils/validation/validationCases.go:10.2,11.16 2 0
github.com/borscht/backend/utils/validation/validationCases.go:14.2,15.16 2 0
github.com/borscht/backend/utils/validation/validationCases.go:18.2,19.16 2 0
github.com/borscht/backend/utils/validation/validationCases.go:23.2,23.12 1 0
github.com/borscht/backend/utils/validation/validationCases.go:7.16,9.3 1 0
github.com/borscht/backend/utils/validation/validationCases.go:11.16,13.3 1 0
github.com/borscht/backend/utils/validation/validationCases.go:15.16,17.3 1 0
github.com/borscht/backend/utils/validation/validationCases.go:19.16,21.3 1 0
github.com/borscht/backend/utils/validation/validationCases.go:26.51,28.16 2 0
github.com/borscht/backend/utils/validation/validationCases.go:31.2,32.16 2 0
github.com/borscht/backend/utils/validation/validationCases.go:36.2,36.12 1 0
github.com/borscht/backend/utils/validation/validationCases.go:28.16,30.3 1 0
github.com/borscht/backend/utils/validation/validationCases.go:32.16,34.3 1 0
github.com/borscht/backend/utils/validation/validationCases.go:39.51,41.16 2 0
github.com/borscht/backend/utils/validation/validationCases.go:44.2,45.16 2 0
github.com/borscht/backend/utils/validation/validationCases.go:48.2,49.16 2 0
github.com/borscht/backend/utils/validation/validationCases.go:52.2,53.16 2 0
github.com/borscht/backend/utils/validation/validationCases.go:57.2,57.12 1 0
github.com/borscht/backend/utils/validation/validationCases.go:41.16,43.3 1 0
github.com/borscht/backend/utils/validation/validationCases.go:45.16,47.3 1 0
github.com/borscht/backend/utils/validation/validationCases.go:49.16,51.3 1 0
github.com/borscht/backend/utils/validation/validationCases.go:53.16,55.3 1 0
github.com/borscht/backend/utils/validation/validationCases.go:59.68,61.16 2 0
github.com/borscht/backend/utils/validation/validationCases.go:64.2,65.16 2 0
github.com/borscht/backend/utils/validation/validationCases.go:68.2,69.16 2 0
github.com/borscht/backend/utils/validation/validationCases.go:72.2,73.16 2 0
github.com/borscht/backend/utils/validation/validationCases.go:77.2,77.12 1 0
github.com/borscht/backend/utils/validation/validationCases.go:61.16,63.3 1 0
github.com/borscht/backend/utils/validation/validationCases.go:65.16,67.3 1 0
github.com/borscht/backend/utils/validation/validationCases.go:69.16,71.3 1 0
github.com/borscht/backend/utils/validation/validationCases.go:73.16,75.3 1 0
github.com/borscht/backend/utils/errors/errors.go:17.40,19.2 1 0
github.com/borscht/backend/utils/errors/errors.go:21.57,29.2 1 0
github.com/borscht/backend/utils/errors/errors.go:31.48,39.2 1 0
github.com/borscht/backend/utils/errors/errors.go:41.48,49.2 1 0
github.com/borscht/backend/utils/errors/errors.go:51.51,59.2 1 0
github.com/borscht/backend/app/main.go:49.28,79.2 27 0
github.com/borscht/backend/app/main.go:81.31,90.2 6 0
github.com/borscht/backend/app/main.go:92.13,99.16 5 0
github.com/borscht/backend/app/main.go:103.2,107.16 4 0
github.com/borscht/backend/app/main.go:112.2,113.16 2 0
github.com/borscht/backend/app/main.go:116.2,159.34 27 0
github.com/borscht/backend/app/main.go:99.16,101.3 1 0
github.com/borscht/backend/app/main.go:107.16,109.3 1 0
github.com/borscht/backend/app/main.go:113.16,115.3 1 0
github.com/borscht/backend/internal/session/repository/session.go:26.63,30.2 1 0
github.com/borscht/backend/internal/session/repository/session.go:33.110,36.16 3 0
github.com/borscht/backend/internal/session/repository/session.go:39.2,41.16 3 0
github.com/borscht/backend/internal/session/repository/session.go:44.2,44.25 1 0
github.com/borscht/backend/internal/session/repository/session.go:36.16,38.3 1 0
github.com/borscht/backend/internal/session/repository/session.go:41.16,43.3 1 0
github.com/borscht/backend/internal/session/repository/session.go:48.92,54.16 3 0
github.com/borscht/backend/internal/session/repository/session.go:60.2,63.16 3 0
github.com/borscht/backend/internal/session/repository/session.go:68.2,68.20 1 0
github.com/borscht/backend/internal/session/repository/session.go:73.2,73.12 1 0
github.com/borscht/backend/internal/session/repository/session.go:54.16,58.3 3 0
github.com/borscht/backend/internal/session/repository/session.go:63.16,67.3 3 0
github.com/borscht/backend/internal/session/repository/session.go:68.20,72.3 3 0
github.com/borscht/backend/internal/session/repository/session.go:76.76,79.16 3 0
github.com/borscht/backend/internal/session/repository/session.go:85.2,85.12 1 0
github.com/borscht/backend/internal/session/repository/session.go:79.16,83.3 3 0
github.com/borscht/backend/internal/restaurant/repository/restaurant.go:17.61,21.2 1 0
github.com/borscht/backend/internal/restaurant/repository/restaurant.go:23.109,26.16 2 0
github.com/borscht/backend/internal/restaurant/repository/restaurant.go:32.2,33.27 2 0
github.com/borscht/backend/internal/restaurant/repository/restaurant.go:49.2,49.25 1 0
github.com/borscht/backend/internal/restaurant/repository/restaurant.go:26.16,30.3 3 0
github.com/borscht/backend/internal/restaurant/repository/restaurant.go:33.27,47.3 4 0
github.com/borscht/backend/internal/restaurant/repository/restaurant.go:52.103,56.16 3 0
github.com/borscht/backend/internal/restaurant/repository/restaurant.go:62.2,63.17 2 0
github.com/borscht/backend/internal/restaurant/repository/restaurant.go:69.2,70.22 2 0
github.com/borscht/backend/internal/restaurant/repository/restaurant.go:87.2,88.16 2 0
github.com/borscht/backend/internal/restaurant/repository/restaurant.go:94.2,95.25 2 0
github.com/borscht/backend/internal/restaurant/repository/restaurant.go:56.16,60.3 3 0
github.com/borscht/backend/internal/restaurant/repository/restaurant.go:63.17,67.3 3 0
github.com/borscht/backend/internal/restaurant/repository/restaurant.go:70.22,79.17 3 0
github.com/borscht/backend/internal/restaurant/repository/restaurant.go:85.3,85.33 1 0
github.com/borscht/backend/internal/restaurant/repository/restaurant.go:79.17,83.4 3 0
github.com/borscht/backend/internal/restaurant/repository/restaurant.go:88.16,92.3 3 0
github.com/borscht/backend/internal/restaurantAdmin/delivery/http/dish.go:17.88,21.2 1 0
github.com/borscht/backend/internal/restaurantAdmin/delivery/http/dish.go:23.57,27.16 3 0
github.com/borscht/backend/internal/restaurantAdmin/delivery/http/dish.go:31.2,31.41 1 0
github.com/borscht/backend/internal/restaurantAdmin/delivery/http/dish.go:27.16,29.3 1 0
github.com/borscht/backend/internal/restaurantAdmin/delivery/http/dish.go:34.59,38.43 3 0
github.com/borscht/backend/internal/restaurantAdmin/delivery/http/dish.go:44.2,45.16 2 0
github.com/borscht/backend/internal/restaurantAdmin/delivery/http/dish.go:49.2,49.42 1 0
github.com/borscht/backend/internal/restaurantAdmin/delivery/http/dish.go:38.43,42.3 3 0
github.com/borscht/backend/internal/restaurantAdmin/delivery/http/dish.go:45.16,47.3 1 0
github.com/borscht/backend/internal/restaurantAdmin/delivery/http/dish.go:52.55,56.39 3 0
github.com/borscht/backend/internal/restaurantAdmin/delivery/http/dish.go:62.2,63.16 2 0
github.com/borscht/backend/internal/restaurantAdmin/delivery/http/dish.go:67.2,67.41 1 0
github.com/borscht/backend/internal/restaurantAdmin/delivery/http/dish.go:56.39,60.3 3 0
github.com/borscht/backend/internal/restaurantAdmin/delivery/http/dish.go:63.16,65.3 1 0
github.com/borscht/backend/internal/restaurantAdmin/delivery/http/dish.go:70.52,74.40 3 0
github.com/borscht/backend/internal/restaurantAdmin/delivery/http/dish.go:80.2,81.16 2 0
github.com/borscht/backend/internal/restaurantAdmin/delivery/http/dish.go:85.2,85.42 1 0
github.com/borscht/backend/internal/restaurantAdmin/delivery/http/dish.go:74.40,78.3 3 0
github.com/borscht/backend/internal/restaurantAdmin/delivery/http/dish.go:81.16,83.3 1 0
github.com/borscht/backend/internal/restaurantAdmin/delivery/http/dish.go:88.60,92.16 3 0
github.com/borscht/backend/internal/restaurantAdmin/delivery/http/dish.go:98.2,99.16 2 0
github.com/borscht/backend/internal/restaurantAdmin/delivery/http/dish.go:105.2,107.16 3 0
github.com/borscht/backend/internal/restaurantAdmin/delivery/http/dish.go:113.2,114.16 2 0
github.com/borscht/backend/internal/restaurantAdmin/delivery/http/dish.go:118.2,118.41 1 0
github.com/borscht/backend/internal/restaurantAdmin/delivery/http/dish.go:92.16,96.3 3 0
github.com/borscht/backend/internal/restaurantAdmin/delivery/http/dish.go:99.16,103.3 3 0
github.com/borscht/backend/internal/restaurantAdmin/delivery/http/dish.go:107.16,111.3 3 0
github.com/borscht/backend/internal/restaurantAdmin/delivery/http/dish.go:114.16,116.3 1 0
github.com/borscht/backend/internal/user/delivery/http/user.go:26.164,34.2 2 0
github.com/borscht/backend/internal/user/delivery/http/user.go:35.56,43.2 2 0
github.com/borscht/backend/internal/user/delivery/http/user.go:45.43,53.2 2 0
github.com/borscht/backend/internal/user/delivery/http/user.go:55.47,60.40 3 0
github.com/borscht/backend/internal/user/delivery/http/user.go:66.2,66.70 1 0
github.com/borscht/backend/internal/user/delivery/http/user.go:70.2,71.16 2 0
github.com/borscht/backend/internal/user/delivery/http/user.go:75.2,81.16 3 0
github.com/borscht/backend/internal/user/delivery/http/user.go:85.2,87.45 2 0
github.com/borscht/backend/internal/user/delivery/http/user.go:60.40,64.3 3 0
github.com/borscht/backend/internal/user/delivery/http/user.go:66.70,68.3 1 0
github.com/borscht/backend/internal/user/delivery/http/user.go:71.16,73.3 1 0
github.com/borscht/backend/internal/user/delivery/http/user.go:81.16,83.3 1 0
github.com/borscht/backend/internal/user/delivery/http/user.go:91.46,96.40 3 0
github.com/borscht/backend/internal/user/delivery/http/user.go:102.2,102.83 1 0
github.com/borscht/backend/internal/user/delivery/http/user.go:107.2,109.16 2 0
github.com/borscht/backend/internal/user/delivery/http/user.go:113.2,119.16 3 0
github.com/borscht/backend/internal/user/delivery/http/user.go:122.2,126.41 3 0
github.com/borscht/backend/internal/user/delivery/http/user.go:96.40,100.3 3 0
github.com/borscht/backend/internal/user/delivery/http/user.go:102.83,105.3 2 0
github.com/borscht/backend/internal/user/delivery/http/user.go:109.16,111.3 1 0
github.com/borscht/backend/internal/user/delivery/http/user.go:119.16,121.3 1 0
github.com/borscht/backend/internal/user/delivery/http/user.go:129.52,134.17 3 0
github.com/borscht/backend/internal/user/delivery/http/user.go:140.2,140.37 1 0
github.com/borscht/backend/internal/user/delivery/http/user.go:134.17,138.3 3 0
github.com/borscht/backend/internal/user/delivery/http/user.go:143.51,147.37 3 0
github.com/borscht/backend/internal/user/delivery/http/user.go:153.2,154.16 2 0
github.com/borscht/backend/internal/user/delivery/http/user.go:158.2,158.46 1 0
github.com/borscht/backend/internal/user/delivery/http/user.go:147.37,151.3 3 0
github.com/borscht/backend/internal/user/delivery/http/user.go:154.16,156.3 1 0
github.com/borscht/backend/internal/user/delivery/http/user.go:161.53,165.16 3 0
github.com/borscht/backend/internal/user/delivery/http/user.go:171.2,172.16 2 0
github.com/borscht/backend/internal/user/delivery/http/user.go:176.2,176.41 1 0
github.com/borscht/backend/internal/user/delivery/http/user.go:165.16,169.3 3 0
github.com/borscht/backend/internal/user/delivery/http/user.go:172.16,174.3 1 0
github.com/borscht/backend/internal/user/delivery/http/user.go:180.50,183.16 3 0
github.com/borscht/backend/internal/user/delivery/http/user.go:189.2,192.16 4 0
github.com/borscht/backend/internal/user/delivery/http/user.go:195.2,195.12 1 0
github.com/borscht/backend/internal/user/delivery/http/user.go:201.2,201.26 1 0
github.com/borscht/backend/internal/user/delivery/http/user.go:183.16,187.3 3 0
github.com/borscht/backend/internal/user/delivery/http/user.go:192.16,194.3 1 0
github.com/borscht/backend/internal/user/delivery/http/user.go:195.12,199.3 3 0
github.com/borscht/backend/internal/user/delivery/http/user.go:202.24,204.17 2 0
github.com/borscht/backend/internal/user/delivery/http/user.go:209.3,212.5 1 0
github.com/borscht/backend/internal/user/delivery/http/user.go:214.23,216.17 2 0
github.com/borscht/backend/internal/user/delivery/http/user.go:221.3,224.5 1 0
github.com/borscht/backend/internal/user/delivery/http/user.go:225.10,228.50 3 0
github.com/borscht/backend/internal/user/delivery/http/user.go:204.17,208.4 3 0
github.com/borscht/backend/internal/user/delivery/http/user.go:216.17,220.4 3 0
github.com/borscht/backend/internal/user/delivery/http/user.go:232.47,236.16 3 0
github.com/borscht/backend/internal/user/delivery/http/user.go:242.2,243.16 2 0
github.com/borscht/backend/internal/user/delivery/http/user.go:247.2,249.35 2 0
github.com/borscht/backend/internal/user/delivery/http/user.go:236.16,240.3 3 0
github.com/borscht/backend/internal/user/delivery/http/user.go:243.16,245.3 1 0
github.com/borscht/backend/internal/user/repository/user.go:18.44,22.2 1 0
github.com/borscht/backend/internal/user/repository/user.go:24.87,28.26 3 0
github.com/borscht/backend/internal/user/repository/user.go:33.2,34.26 2 0
github.com/borscht/backend/internal/user/repository/user.go:39.2,39.12 1 0
github.com/borscht/backend/internal/user/repository/user.go:28.26,31.3 2 0
github.com/borscht/backend/internal/user/repository/user.go:34.26,37.3 2 0
github.com/borscht/backend/internal/user/repository/user.go:42.110,46.55 3 0
github.com/borscht/backend/internal/user/repository/user.go:51.2,52.55 2 0
github.com/borscht/backend/internal/user/repository/user.go:57.2,57.12 1 0
github.com/borscht/backend/internal/user/repository/user.go:46.55,49.3 2 0
github.com/borscht/backend/internal/user/repository/user.go:52.55,55.3 2 0
github.com/borscht/backend/internal/user/repository/user.go:60.82,62.16 2 0
github.com/borscht/backend/internal/user/repository/user.go:66.2,69.16 3 0
github.com/borscht/backend/internal/user/repository/user.go:75.2,75.17 1 0
github.com/borscht/backend/internal/user/repository/user.go:62.16,64.3 1 0
github.com/borscht/backend/internal/user/repository/user.go:69.16,73.3 3 0
github.com/borscht/backend/internal/user/repository/user.go:78.108,84.26 3 0
github.com/borscht/backend/internal/user/repository/user.go:87.2,87.16 1 0
github.com/borscht/backend/internal/user/repository/user.go:93.2,93.18 1 0
github.com/borscht/backend/internal/user/repository/user.go:84.26,86.3 1 0
github.com/borscht/backend/internal/user/repository/user.go:87.16,91.3 3 0
github.com/borscht/backend/internal/user/repository/user.go:96.80,98.16 2 0
github.com/borscht/backend/internal/user/repository/user.go:101.2,102.20 2 0
github.com/borscht/backend/internal/user/repository/user.go:115.2,115.19 1 0
github.com/borscht/backend/internal/user/repository/user.go:98.16,100.3 1 0
github.com/borscht/backend/internal/user/repository/user.go:102.20,109.17 2 0
github.com/borscht/backend/internal/user/repository/user.go:109.17,113.4 3 0
github.com/borscht/backend/internal/user/repository/user.go:118.80,120.16 2 0
github.com/borscht/backend/internal/user/repository/user.go:124.2,126.16 2 0
github.com/borscht/backend/internal/user/repository/user.go:130.2,130.12 1 0
github.com/borscht/backend/internal/user/repository/user.go:120.16,122.3 1 0
github.com/borscht/backend/internal/user/repository/user.go:126.16,128.3 1 0
github.com/borscht/backend/internal/user/repository/user.go:133.88,136.16 2 0
github.com/borscht/backend/internal/user/repository/user.go:142.2,142.12 1 0
github.com/borscht/backend/internal/user/repository/user.go:136.16,140.3 3 0
github.com/borscht/backend/middleware/userAuth.go:17.75,18.36 1 0
github.com/borscht/backend/middleware/userAuth.go:18.36,21.17 3 0
github.com/borscht/backend/middleware/userAuth.go:25.3,28.17 4 0
github.com/borscht/backend/middleware/userAuth.go:31.3,31.14 1 0
github.com/borscht/backend/middleware/userAuth.go:35.3,35.42 1 0
github.com/borscht/backend/middleware/userAuth.go:39.3,40.17 2 0
github.com/borscht/backend/middleware/userAuth.go:43.3,47.17 4 0
github.com/borscht/backend/middleware/userAuth.go:21.17,23.4 1 0
github.com/borscht/backend/middleware/userAuth.go:28.17,30.4 1 0
github.com/borscht/backend/middleware/userAuth.go:31.14,33.4 1 0
github.com/borscht/backend/middleware/userAuth.go:35.42,37.4 1 0
github.com/borscht/backend/middleware/userAuth.go:40.17,42.4 1 0
github.com/borscht/backend/middleware/userAuth.go:51.120,56.2 1 0
github.com/borscht/backend/internal/order/delivery/http/order.go:15.72,21.2 2 0
github.com/borscht/backend/internal/order/delivery/http/order.go:23.52,27.17 3 0
github.com/borscht/backend/internal/order/delivery/http/order.go:32.2,35.37 3 0
github.com/borscht/backend/internal/order/delivery/http/order.go:41.2,42.16 2 0
github.com/borscht/backend/internal/order/delivery/http/order.go:46.2,46.35 1 0
github.com/borscht/backend/internal/order/delivery/http/order.go:27.17,31.3 3 0
github.com/borscht/backend/internal/order/delivery/http/order.go:35.37,39.3 3 0
github.com/borscht/backend/internal/order/delivery/http/order.go:42.16,44.3 1 0
github.com/borscht/backend/internal/order/delivery/http/order.go:49.47,53.17 3 0
github.com/borscht/backend/internal/order/delivery/http/order.go:59.2,60.38 2 0
github.com/borscht/backend/internal/order/delivery/http/order.go:66.2,68.16 3 0
github.com/borscht/backend/internal/order/delivery/http/order.go:72.2,72.35 1 0
github.com/borscht/backend/internal/order/delivery/http/order.go:53.17,57.3 3 0
github.com/borscht/backend/internal/order/delivery/http/order.go:60.38,64.3 3 0
github.com/borscht/backend/internal/order/delivery/http/order.go:68.16,70.3 1 0
github.com/borscht/backend/internal/order/delivery/http/order.go:75.54,79.17 3 0
github.com/borscht/backend/internal/order/delivery/http/order.go:85.2,87.16 3 0
github.com/borscht/backend/internal/order/delivery/http/order.go:91.2,91.39 1 0
github.com/borscht/backend/internal/order/delivery/http/order.go:79.17,83.3 3 0
github.com/borscht/backend/internal/order/delivery/http/order.go:87.16,89.3 1 0
github.com/borscht/backend/internal/order/delivery/http/order.go:94.60,98.23 3 0
github.com/borscht/backend/internal/order/delivery/http/order.go:104.2,106.16 3 0
github.com/borscht/backend/internal/order/delivery/http/order.go:110.2,110.39 1 0
github.com/borscht/backend/internal/order/delivery/http/order.go:98.23,102.3 3 0
github.com/borscht/backend/internal/order/delivery/http/order.go:106.16,108.3 1 0
github.com/borscht/backend/internal/restaurantAdmin/usecase/restaurant.go:24.68,30.2 1 0
github.com/borscht/backend/internal/restaurantAdmin/usecase/restaurant.go:33.33,36.9 2 0
github.com/borscht/backend/internal/restaurantAdmin/usecase/restaurant.go:42.2,44.16 3 0
github.com/borscht/backend/internal/restaurantAdmin/usecase/restaurant.go:48.2,62.32 4 0
github.com/borscht/backend/internal/restaurantAdmin/usecase/restaurant.go:36.9,40.3 3 0
github.com/borscht/backend/internal/restaurantAdmin/usecase/restaurant.go:44.16,46.3 1 0
github.com/borscht/backend/internal/restaurantAdmin/usecase/restaurant.go:65.132,69.16 3 0
github.com/borscht/backend/internal/restaurantAdmin/usecase/restaurant.go:72.2,73.25 2 0
github.com/borscht/backend/internal/restaurantAdmin/usecase/restaurant.go:69.16,71.3 1 0
github.com/borscht/backend/internal/restaurantAdmin/usecase/restaurant.go:76.131,78.2 1 0
github.com/borscht/backend/internal/restaurantAdmin/usecase/restaurant.go:80.99,82.2 1 0
github.com/borscht/backend/internal/restaurantAdmin/usecase/restaurant.go:84.141,89.21 3 0
github.com/borscht/backend/internal/restaurantAdmin/usecase/restaurant.go:94.2,95.9 2 0
github.com/borscht/backend/internal/restaurantAdmin/usecase/restaurant.go:101.2,101.47 1 0
github.com/borscht/backend/internal/restaurantAdmin/usecase/restaurant.go:109.2,111.16 3 0
github.com/borscht/backend/internal/restaurantAdmin/usecase/restaurant.go:115.2,117.16 3 0
github.com/borscht/backend/internal/restaurantAdmin/usecase/restaurant.go:121.2,124.22 2 0
github.com/borscht/backend/internal/restaurantAdmin/usecase/restaurant.go:89.21,91.3 1 0
github.com/borscht/backend/internal/restaurantAdmin/usecase/restaurant.go:95.9,99.3 3 0
github.com/borscht/backend/internal/restaurantAdmin/usecase/restaurant.go:101.47,104.17 3 0
github.com/borscht/backend/internal/restaurantAdmin/usecase/restaurant.go:104.17,106.4 1 0
github.com/borscht/backend/internal/restaurantAdmin/usecase/restaurant.go:111.16,113.3 1 0
github.com/borscht/backend/internal/restaurantAdmin/usecase/restaurant.go:117.16,119.3 1 0
github.com/borscht/backend/internal/user/usecase/user.go:29.81,34.2 1 0
github.com/borscht/backend/internal/user/usecase/user.go:36.109,40.16 3 0
github.com/borscht/backend/internal/user/usecase/user.go:43.2,51.22 4 0
github.com/borscht/backend/internal/user/usecase/user.go:40.16,42.3 1 0
github.com/borscht/backend/internal/user/usecase/user.go:54.104,56.2 1 0
github.com/borscht/backend/internal/user/usecase/user.go:58.83,60.2 1 0
github.com/borscht/backend/internal/user/usecase/user.go:62.117,64.9 2 0
github.com/borscht/backend/internal/user/usecase/user.go:70.2,72.16 3 0
github.com/borscht/backend/internal/user/usecase/user.go:76.2,90.22 3 0
github.com/borscht/backend/internal/user/usecase/user.go:64.9,68.3 3 0
github.com/borscht/backend/internal/user/usecase/user.go:72.16,74.3 1 0
github.com/borscht/backend/internal/user/usecase/user.go:93.121,98.21 3 0
github.com/borscht/backend/internal/user/usecase/user.go:103.2,104.9 2 0
github.com/borscht/backend/internal/user/usecase/user.go:110.2,110.41 1 0
github.com/borscht/backend/internal/user/usecase/user.go:118.2,120.16 3 0
github.com/borscht/backend/internal/user/usecase/user.go:124.2,126.16 3 0
github.com/borscht/backend/internal/user/usecase/user.go:130.2,133.22 2 0
github.com/borscht/backend/internal/user/usecase/user.go:98.21,100.3 1 0
github.com/borscht/backend/internal/user/usecase/user.go:104.9,108.3 3 0
github.com/borscht/backend/internal/user/usecase/user.go:110.41,113.17 3 0
github.com/borscht/backend/internal/user/usecase/user.go:113.17,115.4 1 0
github.com/borscht/backend/internal/user/usecase/user.go:120.16,122.3 1 0
github.com/borscht/backend/internal/user/usecase/user.go:126.16,128.3 1 0
github.com/borscht/backend/utils/errors/errors.go:17.40,19.2 1 0
github.com/borscht/backend/utils/errors/errors.go:21.57,29.2 1 0
github.com/borscht/backend/utils/errors/errors.go:31.48,39.2 1 0
github.com/borscht/backend/utils/errors/errors.go:41.48,49.2 1 0
github.com/borscht/backend/utils/errors/errors.go:51.51,59.2 1 0
github.com/borscht/backend/internal/order/usecase/order.go:13.63,17.2 1 0
github.com/borscht/backend/internal/order/usecase/order.go:19.97,21.2 1 0
github.com/borscht/backend/internal/order/usecase/order.go:23.98,25.2 1 0
github.com/borscht/backend/internal/order/usecase/order.go:27.91,29.2 1 0
github.com/borscht/backend/internal/order/usecase/order.go:31.111,33.2 1 0
github.com/borscht/backend/internal/restaurantAdmin/usecase/section.go:16.106,21.2 1 0
github.com/borscht/backend/internal/restaurantAdmin/usecase/section.go:23.106,25.9 2 0
github.com/borscht/backend/internal/restaurantAdmin/usecase/section.go:31.2,34.16 3 0
github.com/borscht/backend/internal/restaurantAdmin/usecase/section.go:38.2,39.22 2 0
github.com/borscht/backend/internal/restaurantAdmin/usecase/section.go:25.9,29.3 3 0
github.com/borscht/backend/internal/restaurantAdmin/usecase/section.go:34.16,36.3 1 0
github.com/borscht/backend/internal/restaurantAdmin/usecase/section.go:42.109,43.21 1 0
github.com/borscht/backend/internal/restaurantAdmin/usecase/section.go:50.2,51.9 2 0
github.com/borscht/backend/internal/restaurantAdmin/usecase/section.go:57.2,58.9 2 0
github.com/borscht/backend/internal/restaurantAdmin/usecase/section.go:64.2,67.16 3 0
github.com/borscht/backend/internal/restaurantAdmin/usecase/section.go:70.2,70.22 1 0
github.com/borscht/backend/internal/restaurantAdmin/usecase/section.go:43.21,47.3 3 0
github.com/borscht/backend/internal/restaurantAdmin/usecase/section.go:51.9,55.3 3 0
github.com/borscht/backend/internal/restaurantAdmin/usecase/section.go:58.9,62.3 3 0
github.com/borscht/backend/internal/restaurantAdmin/usecase/section.go:67.16,69.3 1 0
github.com/borscht/backend/internal/restaurantAdmin/usecase/section.go:73.100,76.9 3 0
github.com/borscht/backend/internal/restaurantAdmin/usecase/section.go:82.2,82.84 1 0
github.com/borscht/backend/internal/restaurantAdmin/usecase/section.go:76.9,80.3 3 0
github.com/borscht/backend/internal/restaurantAdmin/usecase/section.go:85.88,87.16 2 0
github.com/borscht/backend/internal/restaurantAdmin/usecase/section.go:92.2,93.9 2 0
github.com/borscht/backend/internal/restaurantAdmin/usecase/section.go:99.2,103.41 2 0
github.com/borscht/backend/internal/restaurantAdmin/usecase/section.go:107.2,107.13 1 0
github.com/borscht/backend/internal/restaurantAdmin/usecase/section.go:87.16,90.3 2 0
github.com/borscht/backend/internal/restaurantAdmin/usecase/section.go:93.9,97.3 3 0
github.com/borscht/backend/internal/restaurantAdmin/usecase/section.go:103.41,105.3 1 0
github.com/borscht/backend/utils/uniq/uniq.go:13.76,20.16 4 0
github.com/borscht/backend/utils/uniq/uniq.go:26.2,26.45 1 0
github.com/borscht/backend/utils/uniq/uniq.go:20.16,24.3 3 0
github.com/borscht/backend/internal/restaurant/usecase/restaurant.go:14.86,18.2 1 0
github.com/borscht/backend/internal/restaurant/usecase/restaurant.go:20.112,22.2 1 0
github.com/borscht/backend/internal/restaurant/usecase/restaurant.go:24.106,26.2 1 0
github.com/borscht/backend/internal/restaurant/repository/restaurant.go:17.61,21.2 1 0
github.com/borscht/backend/internal/restaurant/repository/restaurant.go:23.109,26.16 2 0
github.com/borscht/backend/internal/restaurant/repository/restaurant.go:32.2,33.27 2 0
github.com/borscht/backend/internal/restaurant/repository/restaurant.go:49.2,49.25 1 0
github.com/borscht/backend/internal/restaurant/repository/restaurant.go:26.16,30.3 3 0
github.com/borscht/backend/internal/restaurant/repository/restaurant.go:33.27,47.3 4 0
github.com/borscht/backend/internal/restaurant/repository/restaurant.go:52.103,56.16 3 0
github.com/borscht/backend/internal/restaurant/repository/restaurant.go:62.2,63.17 2 0
github.com/borscht/backend/internal/restaurant/repository/restaurant.go:69.2,70.22 2 0
github.com/borscht/backend/internal/restaurant/repository/restaurant.go:87.2,88.16 2 0
github.com/borscht/backend/internal/restaurant/repository/restaurant.go:94.2,95.25 2 0
github.com/borscht/backend/internal/restaurant/repository/restaurant.go:56.16,60.3 3 0
github.com/borscht/backend/internal/restaurant/repository/restaurant.go:63.17,67.3 3 0
github.com/borscht/backend/internal/restaurant/repository/restaurant.go:70.22,79.17 3 0
github.com/borscht/backend/internal/restaurant/repository/restaurant.go:85.3,85.33 1 0
github.com/borscht/backend/internal/restaurant/repository/restaurant.go:79.17,83.4 3 0
github.com/borscht/backend/internal/restaurant/repository/restaurant.go:88.16,92.3 3 0
github.com/borscht/backend/internal/user/repository/user.go:18.44,22.2 1 0
github.com/borscht/backend/internal/user/repository/user.go:24.87,28.26 3 0
github.com/borscht/backend/internal/user/repository/user.go:33.2,34.26 2 0
github.com/borscht/backend/internal/user/repository/user.go:39.2,39.12 1 0
github.com/borscht/backend/internal/user/repository/user.go:28.26,31.3 2 0
github.com/borscht/backend/internal/user/repository/user.go:34.26,37.3 2 0
github.com/borscht/backend/internal/user/repository/user.go:42.110,46.55 3 0
github.com/borscht/backend/internal/user/repository/user.go:51.2,52.55 2 0
github.com/borscht/backend/internal/user/repository/user.go:57.2,57.12 1 0
github.com/borscht/backend/internal/user/repository/user.go:46.55,49.3 2 0
github.com/borscht/backend/internal/user/repository/user.go:52.55,55.3 2 0
github.com/borscht/backend/internal/user/repository/user.go:60.82,62.16 2 0
github.com/borscht/backend/internal/user/repository/user.go:66.2,69.16 3 0
github.com/borscht/backend/internal/user/repository/user.go:75.2,75.17 1 0
github.com/borscht/backend/internal/user/repository/user.go:62.16,64.3 1 0
github.com/borscht/backend/internal/user/repository/user.go:69.16,73.3 3 0
github.com/borscht/backend/internal/user/repository/user.go:78.108,84.26 3 0
github.com/borscht/backend/internal/user/repository/user.go:87.2,87.16 1 0
github.com/borscht/backend/internal/user/repository/user.go:93.2,93.18 1 0
github.com/borscht/backend/internal/user/repository/user.go:84.26,86.3 1 0
github.com/borscht/backend/internal/user/repository/user.go:87.16,91.3 3 0
github.com/borscht/backend/internal/user/repository/user.go:96.80,98.16 2 0
github.com/borscht/backend/internal/user/repository/user.go:101.2,102.20 2 0
github.com/borscht/backend/internal/user/repository/user.go:115.2,115.19 1 0
github.com/borscht/backend/internal/user/repository/user.go:98.16,100.3 1 0
github.com/borscht/backend/internal/user/repository/user.go:102.20,109.17 2 0
github.com/borscht/backend/internal/user/repository/user.go:109.17,113.4 3 0
github.com/borscht/backend/internal/user/repository/user.go:118.80,120.16 2 0
github.com/borscht/backend/internal/user/repository/user.go:124.2,126.16 2 0
github.com/borscht/backend/internal/user/repository/user.go:130.2,130.12 1 0
github.com/borscht/backend/internal/user/repository/user.go:120.16,122.3 1 0
github.com/borscht/backend/internal/user/repository/user.go:126.16,128.3 1 0
github.com/borscht/backend/internal/user/repository/user.go:133.88,136.16 2 0
github.com/borscht/backend/internal/user/repository/user.go:142.2,142.12 1 0
github.com/borscht/backend/internal/user/repository/user.go:136.16,140.3 3 0
github.com/borscht/backend/internal/restaurantAdmin/delivery/http/dish.go:17.88,21.2 1 0
github.com/borscht/backend/internal/restaurantAdmin/delivery/http/dish.go:23.57,27.16 3 0
github.com/borscht/backend/internal/restaurantAdmin/delivery/http/dish.go:31.2,31.41 1 0
github.com/borscht/backend/internal/restaurantAdmin/delivery/http/dish.go:27.16,29.3 1 0
github.com/borscht/backend/internal/restaurantAdmin/delivery/http/dish.go:34.59,38.43 3 0
github.com/borscht/backend/internal/restaurantAdmin/delivery/http/dish.go:44.2,45.16 2 0
github.com/borscht/backend/internal/restaurantAdmin/delivery/http/dish.go:49.2,49.42 1 0
github.com/borscht/backend/internal/restaurantAdmin/delivery/http/dish.go:38.43,42.3 3 0
github.com/borscht/backend/internal/restaurantAdmin/delivery/http/dish.go:45.16,47.3 1 0
github.com/borscht/backend/internal/restaurantAdmin/delivery/http/dish.go:52.55,56.39 3 0
github.com/borscht/backend/internal/restaurantAdmin/delivery/http/dish.go:62.2,63.16 2 0
github.com/borscht/backend/internal/restaurantAdmin/delivery/http/dish.go:67.2,67.41 1 0
github.com/borscht/backend/internal/restaurantAdmin/delivery/http/dish.go:56.39,60.3 3 0
github.com/borscht/backend/internal/restaurantAdmin/delivery/http/dish.go:63.16,65.3 1 0
github.com/borscht/backend/internal/restaurantAdmin/delivery/http/dish.go:70.52,74.40 3 0
github.com/borscht/backend/internal/restaurantAdmin/delivery/http/dish.go:80.2,81.16 2 0
github.com/borscht/backend/internal/restaurantAdmin/delivery/http/dish.go:85.2,85.42 1 0
github.com/borscht/backend/internal/restaurantAdmin/delivery/http/dish.go:74.40,78.3 3 0
github.com/borscht/backend/internal/restaurantAdmin/delivery/http/dish.go:81.16,83.3 1 0
github.com/borscht/backend/internal/restaurantAdmin/delivery/http/dish.go:88.60,92.16 3 0
github.com/borscht/backend/internal/restaurantAdmin/delivery/http/dish.go:98.2,99.16 2 0
github.com/borscht/backend/internal/restaurantAdmin/delivery/http/dish.go:105.2,107.16 3 0
github.com/borscht/backend/internal/restaurantAdmin/delivery/http/dish.go:113.2,114.16 2 0
github.com/borscht/backend/internal/restaurantAdmin/delivery/http/dish.go:118.2,118.41 1 0
github.com/borscht/backend/internal/restaurantAdmin/delivery/http/dish.go:92.16,96.3 3 0
github.com/borscht/backend/internal/restaurantAdmin/delivery/http/dish.go:99.16,103.3 3 0
github.com/borscht/backend/internal/restaurantAdmin/delivery/http/dish.go:107.16,111.3 3 0
github.com/borscht/backend/internal/restaurantAdmin/delivery/http/dish.go:114.16,116.3 1 0
github.com/borscht/backend/internal/restaurantAdmin/usecase/dish.go:30.62,37.2 1 0
github.com/borscht/backend/internal/restaurantAdmin/usecase/dish.go:39.92,41.9 2 0
github.com/borscht/backend/internal/restaurantAdmin/usecase/dish.go:47.2,48.16 2 0
github.com/borscht/backend/internal/restaurantAdmin/usecase/dish.go:52.2,53.35 2 0
github.com/borscht/backend/internal/restaurantAdmin/usecase/dish.go:68.2,68.22 1 0
github.com/borscht/backend/internal/restaurantAdmin/usecase/dish.go:41.9,45.3 3 0
github.com/borscht/backend/internal/restaurantAdmin/usecase/dish.go:48.16,50.3 1 0
github.com/borscht/backend/internal/restaurantAdmin/usecase/dish.go:53.35,55.17 2 0
github.com/borscht/backend/internal/restaurantAdmin/usecase/dish.go:59.3,65.49 2 0
github.com/borscht/backend/internal/restaurantAdmin/usecase/dish.go:55.17,57.4 1 0
github.com/borscht/backend/internal/restaurantAdmin/usecase/dish.go:71.98,72.18 1 0
github.com/borscht/backend/internal/restaurantAdmin/usecase/dish.go:79.2,80.9 2 0
github.com/borscht/backend/internal/restaurantAdmin/usecase/dish.go:86.2,87.9 2 0
github.com/borscht/backend/internal/restaurantAdmin/usecase/dish.go:93.2,96.16 3 0
github.com/borscht/backend/internal/restaurantAdmin/usecase/dish.go:99.2,99.19 1 0
github.com/borscht/backend/internal/restaurantAdmin/usecase/dish.go:72.18,76.3 3 0
github.com/borscht/backend/internal/restaurantAdmin/usecase/dish.go:80.9,84.3 3 0
github.com/borscht/backend/internal/restaurantAdmin/usecase/dish.go:87.9,91.3 3 0
github.com/borscht/backend/internal/restaurantAdmin/usecase/dish.go:96.16,98.3 1 0
github.com/borscht/backend/internal/restaurantAdmin/usecase/dish.go:102.94,104.9 2 0
github.com/borscht/backend/internal/restaurantAdmin/usecase/dish.go:111.2,112.43 2 0
github.com/borscht/backend/internal/restaurantAdmin/usecase/dish.go:120.2,120.78 1 0
github.com/borscht/backend/internal/restaurantAdmin/usecase/dish.go:104.9,108.3 3 0
github.com/borscht/backend/internal/restaurantAdmin/usecase/dish.go:112.43,115.17 3 0
github.com/borscht/backend/internal/restaurantAdmin/usecase/dish.go:115.17,117.4 1 0
github.com/borscht/backend/internal/restaurantAdmin/usecase/dish.go:123.91,124.23 1 0
github.com/borscht/backend/internal/restaurantAdmin/usecase/dish.go:130.2,131.9 2 0
github.com/borscht/backend/internal/restaurantAdmin/usecase/dish.go:137.2,140.16 3 0
github.com/borscht/backend/internal/restaurantAdmin/usecase/dish.go:143.2,146.27 4 0
github.com/borscht/backend/internal/restaurantAdmin/usecase/dish.go:124.23,128.3 3 0
github.com/borscht/backend/internal/restaurantAdmin/usecase/dish.go:131.9,135.3 3 0
github.com/borscht/backend/internal/restaurantAdmin/usecase/dish.go:140.16,142.3 1 0
github.com/borscht/backend/internal/restaurantAdmin/usecase/dish.go:149.135,150.17 1 0
github.com/borscht/backend/internal/restaurantAdmin/usecase/dish.go:156.2,157.9 2 0
github.com/borscht/backend/internal/restaurantAdmin/usecase/dish.go:164.2,167.21 3 0
github.com/borscht/backend/internal/restaurantAdmin/usecase/dish.go:172.2,173.43 2 0
github.com/borscht/backend/internal/restaurantAdmin/usecase/dish.go:181.2,183.16 3 0
github.com/borscht/backend/internal/restaurantAdmin/usecase/dish.go:187.2,189.16 3 0
github.com/borscht/backend/internal/restaurantAdmin/usecase/dish.go:193.2,197.22 2 0
github.com/borscht/backend/internal/restaurantAdmin/usecase/dish.go:150.17,154.3 3 0
github.com/borscht/backend/internal/restaurantAdmin/usecase/dish.go:157.9,161.3 3 0
github.com/borscht/backend/internal/restaurantAdmin/usecase/dish.go:167.21,169.3 1 0
github.com/borscht/backend/internal/restaurantAdmin/usecase/dish.go:173.43,176.17 3 0
github.com/borscht/backend/internal/restaurantAdmin/usecase/dish.go:176.17,178.4 1 0
github.com/borscht/backend/internal/restaurantAdmin/usecase/dish.go:183.16,185.3 1 0
github.com/borscht/backend/internal/restaurantAdmin/usecase/dish.go:189.16,191.3 1 0
github.com/borscht/backend/internal/restaurantAdmin/usecase/dish.go:200.79,202.16 2 0
github.com/borscht/backend/internal/restaurantAdmin/usecase/dish.go:206.2,207.9 2 0
github.com/borscht/backend/internal/restaurantAdmin/usecase/dish.go:213.2,213.38 1 0
github.com/borscht/backend/internal/restaurantAdmin/usecase/dish.go:217.2,217.13 1 0
github.com/borscht/backend/internal/restaurantAdmin/usecase/dish.go:202.16,204.3 1 0
github.com/borscht/backend/internal/restaurantAdmin/usecase/dish.go:207.9,211.3 3 0
github.com/borscht/backend/internal/restaurantAdmin/usecase/dish.go:213.38,215.3 1 0
github.com/borscht/backend/internal/restaurantAdmin/delivery/http/restaurant.go:24.78,30.2 1 0
github.com/borscht/backend/internal/restaurantAdmin/delivery/http/restaurant.go:32.71,36.43 3 0
github.com/borscht/backend/internal/restaurantAdmin/delivery/http/restaurant.go:42.2,43.16 2 0
github.com/borscht/backend/internal/restaurantAdmin/delivery/http/restaurant.go:47.2,47.52 1 0
github.com/borscht/backend/internal/restaurantAdmin/delivery/http/restaurant.go:36.43,40.3 3 0
github.com/borscht/backend/internal/restaurantAdmin/delivery/http/restaurant.go:43.16,45.3 1 0
github.com/borscht/backend/internal/restaurantAdmin/delivery/http/restaurant.go:50.56,59.2 2 0
github.com/borscht/backend/internal/restaurantAdmin/delivery/http/restaurant.go:61.67,64.46 3 0
github.com/borscht/backend/internal/restaurantAdmin/delivery/http/restaurant.go:70.2,70.76 1 0
github.com/borscht/backend/internal/restaurantAdmin/delivery/http/restaurant.go:74.2,75.16 2 0
github.com/borscht/backend/internal/restaurantAdmin/delivery/http/restaurant.go:79.2,84.16 3 0
github.com/borscht/backend/internal/restaurantAdmin/delivery/http/restaurant.go:88.2,91.41 3 0
github.com/borscht/backend/internal/restaurantAdmin/delivery/http/restaurant.go:64.46,68.3 3 0
github.com/borscht/backend/internal/restaurantAdmin/delivery/http/restaurant.go:70.76,72.3 1 0
github.com/borscht/backend/internal/restaurantAdmin/delivery/http/restaurant.go:75.16,77.3 1 0
github.com/borscht/backend/internal/restaurantAdmin/delivery/http/restaurant.go:84.16,86.3 1 0
github.com/borscht/backend/internal/restaurantAdmin/delivery/http/restaurant.go:94.56,98.40 3 0
github.com/borscht/backend/internal/restaurantAdmin/delivery/http/restaurant.go:104.2,104.83 1 0
github.com/borscht/backend/internal/restaurantAdmin/delivery/http/restaurant.go:108.2,109.16 2 0
github.com/borscht/backend/internal/restaurantAdmin/delivery/http/restaurant.go:113.2,119.16 3 0
github.com/borscht/backend/internal/restaurantAdmin/delivery/http/restaurant.go:122.2,125.41 3 0
github.com/borscht/backend/internal/restaurantAdmin/delivery/http/restaurant.go:98.40,102.3 3 0
github.com/borscht/backend/internal/restaurantAdmin/delivery/http/restaurant.go:104.83,106.3 1 0
github.com/borscht/backend/internal/restaurantAdmin/delivery/http/restaurant.go:109.16,111.3 1 0
github.com/borscht/backend/internal/restaurantAdmin/delivery/http/restaurant.go:119.16,121.3 1 0
github.com/borscht/backend/internal/restaurantAdmin/delivery/http/restaurant.go:128.62,133.2 4 0
github.com/borscht/backend/internal/restaurantAdmin/delivery/http/restaurant.go:135.72,139.16 3 0
github.com/borscht/backend/internal/restaurantAdmin/delivery/http/restaurant.go:145.2,146.16 2 0
github.com/borscht/backend/internal/restaurantAdmin/delivery/http/restaurant.go:150.2,150.41 1 0
github.com/borscht/backend/internal/restaurantAdmin/delivery/http/restaurant.go:139.16,143.3 3 0
github.com/borscht/backend/internal/restaurantAdmin/delivery/http/restaurant.go:146.16,148.3 1 0
github.com/borscht/backend/utils/logger/logger.go:19.19,26.2 2 0
github.com/borscht/backend/utils/logger/logger.go:32.69,35.2 1 0
github.com/borscht/backend/utils/logger/logger.go:37.68,40.2 1 0
github.com/borscht/backend/utils/logger/logger.go:42.68,45.2 1 0
github.com/borscht/backend/utils/logger/logger.go:47.65,51.2 1 0
github.com/borscht/backend/utils/logger/logger.go:53.77,57.2 1 0
github.com/borscht/backend/utils/logger/logger.go:59.78,63.2 1 0
github.com/borscht/backend/utils/logger/logger.go:65.84,69.2 1 0
github.com/borscht/backend/utils/logger/logger.go:71.30,75.2 1 0
github.com/borscht/backend/utils/logger/logger.go:77.32,81.2 1 0
github.com/borscht/backend/utils/logger/logger.go:83.31,87.2 1 0
github.com/borscht/backend/utils/logger/logger.go:89.28,93.2 1 0
github.com/borscht/backend/utils/logger/logger.go:95.32,99.2 1 0
github.com/borscht/backend/middleware/authAdmin.go:17.76,18.36 1 0
github.com/borscht/backend/middleware/authAdmin.go:18.36,21.17 3 0
github.com/borscht/backend/middleware/authAdmin.go:25.3,28.17 4 0
github.com/borscht/backend/middleware/authAdmin.go:31.3,31.14 1 0
github.com/borscht/backend/middleware/authAdmin.go:35.3,35.43 1 0
github.com/borscht/backend/middleware/authAdmin.go:39.3,40.17 2 0
github.com/borscht/backend/middleware/authAdmin.go:43.3,47.17 4 0
github.com/borscht/backend/middleware/authAdmin.go:21.17,23.4 1 0
github.com/borscht/backend/middleware/authAdmin.go:28.17,30.4 1 0
github.com/borscht/backend/middleware/authAdmin.go:31.14,33.4 1 0
github.com/borscht/backend/middleware/authAdmin.go:35.43,37.4 1 0
github.com/borscht/backend/middleware/authAdmin.go:40.17,42.4 1 0
github.com/borscht/backend/middleware/authAdmin.go:51.135,56.2 1 0
github.com/borscht/backend/app/main.go:49.28,79.2 27 0
github.com/borscht/backend/app/main.go:81.31,90.2 6 0
github.com/borscht/backend/app/main.go:92.13,99.16 5 0
github.com/borscht/backend/app/main.go:103.2,107.16 4 0
github.com/borscht/backend/app/main.go:112.2,113.16 2 0
github.com/borscht/backend/app/main.go:116.2,159.34 27 0
github.com/borscht/backend/app/main.go:99.16,101.3 1 0
github.com/borscht/backend/app/main.go:107.16,109.3 1 0
github.com/borscht/backend/app/main.go:113.16,115.3 1 0
github.com/borscht/backend/internal/restaurantAdmin/repository/restaurant.go:18.72,22.2 1 0
github.com/borscht/backend/internal/restaurantAdmin/repository/restaurant.go:24.113,32.16 3 0
github.com/borscht/backend/internal/restaurantAdmin/repository/restaurant.go:36.2,42.16 2 0
github.com/borscht/backend/internal/restaurantAdmin/repository/restaurant.go:48.2,48.12 1 0
github.com/borscht/backend/internal/restaurantAdmin/repository/restaurant.go:32.16,34.3 1 0
github.com/borscht/backend/internal/restaurantAdmin/repository/restaurant.go:42.16,46.3 3 0
github.com/borscht/backend/internal/restaurantAdmin/repository/restaurant.go:51.121,54.70 3 0
github.com/borscht/backend/internal/restaurantAdmin/repository/restaurant.go:58.2,59.70 2 0
github.com/borscht/backend/internal/restaurantAdmin/repository/restaurant.go:63.2,64.70 2 0
github.com/borscht/backend/internal/restaurantAdmin/repository/restaurant.go:68.2,68.12 1 0
github.com/borscht/backend/internal/restaurantAdmin/repository/restaurant.go:54.70,56.3 1 0
github.com/borscht/backend/internal/restaurantAdmin/repository/restaurant.go:59.70,61.3 1 0
github.com/borscht/backend/internal/restaurantAdmin/repository/restaurant.go:64.70,66.3 1 0
github.com/borscht/backend/internal/restaurantAdmin/repository/restaurant.go:71.113,79.16 4 0
github.com/borscht/backend/internal/restaurantAdmin/repository/restaurant.go:82.2,92.16 4 0
github.com/borscht/backend/internal/restaurantAdmin/repository/restaurant.go:98.2,98.17 1 0
github.com/borscht/backend/internal/restaurantAdmin/repository/restaurant.go:79.16,81.3 1 0
github.com/borscht/backend/internal/restaurantAdmin/repository/restaurant.go:92.16,96.3 3 0
github.com/borscht/backend/internal/restaurantAdmin/repository/restaurant.go:101.109,104.16 2 0
github.com/borscht/backend/internal/restaurantAdmin/repository/restaurant.go:110.2,110.12 1 0
github.com/borscht/backend/internal/restaurantAdmin/repository/restaurant.go:104.16,108.3 3 0
github.com/borscht/backend/internal/restaurantAdmin/repository/restaurant.go:113.141,123.26 3 0
github.com/borscht/backend/internal/restaurantAdmin/repository/restaurant.go:126.2,126.16 1 0
github.com/borscht/backend/internal/restaurantAdmin/repository/restaurant.go:132.2,132.24 1 0
github.com/borscht/backend/internal/restaurantAdmin/repository/restaurant.go:123.26,125.3 1 0
github.com/borscht/backend/internal/restaurantAdmin/repository/restaurant.go:126.16,130.3 3 0
github.com/borscht/backend/internal/restaurantAdmin/repository/restaurant.go:135.96,137.16 2 0
github.com/borscht/backend/internal/restaurantAdmin/repository/restaurant.go:141.2,142.20 2 0
github.com/borscht/backend/internal/restaurantAdmin/repository/restaurant.go:155.2,155.24 1 0
github.com/borscht/backend/internal/restaurantAdmin/repository/restaurant.go:137.16,139.3 1 0
github.com/borscht/backend/internal/restaurantAdmin/repository/restaurant.go:142.20,149.17 2 0
github.com/borscht/backend/internal/restaurantAdmin/repository/restaurant.go:149.17,153.4 3 0
github.com/borscht/backend/utils/validation/validationCases.go:5.58,7.16 2 0
github.com/borscht/backend/utils/validation/validationCases.go:10.2,11.16 2 0
[...]
github.com/borscht/backend/internal/order/repository/order.go:137.2,138.22 2 0
github.com/borscht/backend/internal/order/repository/order.go:173.2,173.20 1 0
github.com/borscht/backend/internal/order/repository/order.go:133.16,136.3 2 0
github.com/borscht/backend/internal/order/repository/order.go:138.22,154.18 4 0
github.com/borscht/backend/internal/order/repository/order.go:159.3,160.23 2 0
github.com/borscht/backend/internal/order/repository/order.go:168.3,170.34 2 0
github.com/borscht/backend/internal/order/repository/order.go:154.18,157.4 2 0
github.com/borscht/backend/internal/order/repository/order.go:160.23,167.4 3 0
github.com/borscht/backend/internal/order/repository/order.go:176.108,179.16 2 0
github.com/borscht/backend/internal/order/repository/order.go:184.2,185.22 2 0
github.com/borscht/backend/internal/order/repository/order.go:200.2,200.20 1 0
github.com/borscht/backend/internal/order/repository/order.go:179.16,182.3 2 0
github.com/borscht/backend/internal/order/repository/order.go:185.22,198.3 3 0
github.com/borscht/backend/internal/restaurant/delivery/http/restaurant.go:17.94,21.2 1 0
github.com/borscht/backend/internal/restaurant/delivery/http/restaurant.go:23.61,29.21 4 0
github.com/borscht/backend/internal/restaurant/delivery/http/restaurant.go:32.2,32.22 1 0
github.com/borscht/backend/internal/restaurant/delivery/http/restaurant.go:36.2,37.16 2 0
github.com/borscht/backend/internal/restaurant/delivery/http/restaurant.go:41.2,41.39 1 0
github.com/borscht/backend/internal/restaurant/delivery/http/restaurant.go:29.21,31.3 1 0
github.com/borscht/backend/internal/restaurant/delivery/http/restaurant.go:32.22,34.3 1 0
github.com/borscht/backend/internal/restaurant/delivery/http/restaurant.go:37.16,39.3 1 0
github.com/borscht/backend/internal/restaurant/delivery/http/restaurant.go:44.69,49.16 4 0
github.com/borscht/backend/internal/restaurant/delivery/http/restaurant.go:53.2,53.43 1 0
github.com/borscht/backend/internal/restaurant/delivery/http/restaurant.go:49.16,51.3 1 0
github.com/borscht/backend/internal/user/usecase/user.go:29.81,34.2 1 0
github.com/borscht/backend/internal/user/usecase/user.go:36.109,40.16 3 0
github.com/borscht/backend/internal/user/usecase/user.go:43.2,51.22 4 0
github.com/borscht/backend/internal/user/usecase/user.go:40.16,42.3 1 0
github.com/borscht/backend/internal/user/usecase/user.go:54.104,56.2 1 0
github.com/borscht/backend/internal/user/usecase/user.go:58.83,60.2 1 0
github.com/borscht/backend/internal/user/usecase/user.go:62.117,64.9 2 0
github.com/borscht/backend/internal/user/usecase/user.go:70.2,72.16 3 0
github.com/borscht/backend/internal/user/usecase/user.go:76.2,90.22 3 0
github.com/borscht/backend/internal/user/usecase/user.go:64.9,68.3 3 0
github.com/borscht/backend/internal/user/usecase/user.go:72.16,74.3 1 0
github.com/borscht/backend/internal/user/usecase/user.go:93.121,98.21 3 0
github.com/borscht/backend/internal/user/usecase/user.go:103.2,104.9 2 0
github.com/borscht/backend/internal/user/usecase/user.go:110.2,110.41 1 0
github.com/borscht/backend/internal/user/usecase/user.go:118.2,120.16 3 0
github.com/borscht/backend/internal/user/usecase/user.go:124.2,126.16 3 0
github.com/borscht/backend/internal/user/usecase/user.go:130.2,133.22 2 0
github.com/borscht/backend/internal/user/usecase/user.go:98.21,100.3 1 0
github.com/borscht/backend/internal/user/usecase/user.go:104.9,108.3 3 0
github.com/borscht/backend/internal/user/usecase/user.go:110.41,113.17 3 0
github.com/borscht/backend/internal/user/usecase/user.go:113.17,115.4 1 0
github.com/borscht/backend/internal/user/usecase/user.go:120.16,122.3 1 0
github.com/borscht/backend/internal/user/usecase/user.go:126.16,128.3 1 0
github.com/borscht/backend/middleware/authAdmin.go:17.76,18.36 1 0
github.com/borscht/backend/middleware/authAdmin.go:18.36,21.17 3 0
github.com/borscht/backend/middleware/authAdmin.go:25.3,28.17 4 0
github.com/borscht/backend/middleware/authAdmin.go:31.3,31.14 1 0
github.com/borscht/backend/middleware/authAdmin.go:35.3,35.43 1 0
github.com/borscht/backend/middleware/authAdmin.go:39.3,40.17 2 0
github.com/borscht/backend/middleware/authAdmin.go:43.3,47.17 4 0
github.com/borscht/backend/middleware/authAdmin.go:21.17,23.4 1 0
github.com/borscht/backend/middleware/authAdmin.go:28.17,30.4 1 0
github.com/borscht/backend/middleware/authAdmin.go:31.14,33.4 1 0
github.com/borscht/backend/middleware/authAdmin.go:35.43,37.4 1 0
github.com/borscht/backend/middleware/authAdmin.go:40.17,42.4 1 0
github.com/borscht/backend/middleware/authAdmin.go:51.135,56.2 1 0
github.com/borscht/backend/internal/order/delivery/http/order.go:15.72,21.2 2 0
github.com/borscht/backend/internal/order/delivery/http/order.go:23.52,27.17 3 0
github.com/borscht/backend/internal/order/delivery/http/order.go:32.2,35.37 3 0
github.com/borscht/backend/internal/order/delivery/http/order.go:41.2,42.16 2 0
github.com/borscht/backend/internal/order/delivery/http/order.go:46.2,46.35 1 0
github.com/borscht/backend/internal/order/delivery/http/order.go:27.17,31.3 3 0
github.com/borscht/backend/internal/order/delivery/http/order.go:35.37,39.3 3 0
github.com/borscht/backend/internal/order/delivery/http/order.go:42.16,44.3 1 0
github.com/borscht/backend/internal/order/delivery/http/order.go:49.47,53.17 3 0
github.com/borscht/backend/internal/order/delivery/http/order.go:59.2,60.38 2 0
github.com/borscht/backend/internal/order/delivery/http/order.go:66.2,68.16 3 0
github.com/borscht/backend/internal/order/delivery/http/order.go:72.2,72.35 1 0
github.com/borscht/backend/internal/order/delivery/http/order.go:53.17,57.3 3 0
github.com/borscht/backend/internal/order/delivery/http/order.go:60.38,64.3 3 0
github.com/borscht/backend/internal/order/delivery/http/order.go:68.16,70.3 1 0
github.com/borscht/backend/internal/order/delivery/http/order.go:75.54,79.17 3 0
github.com/borscht/backend/internal/order/delivery/http/order.go:85.2,87.16 3 0
github.com/borscht/backend/internal/order/delivery/http/order.go:91.2,91.39 1 0
github.com/borscht/backend/internal/order/delivery/http/order.go:79.17,83.3 3 0
github.com/borscht/backend/internal/order/delivery/http/order.go:87.16,89.3 1 0
github.com/borscht/backend/internal/order/delivery/http/order.go:94.60,98.23 3 0
github.com/borscht/backend/internal/order/delivery/http/order.go:104.2,106.16 3 0
github.com/borscht/backend/internal/order/delivery/http/order.go:110.2,110.39 1 0
github.com/borscht/backend/internal/order/delivery/http/order.go:98.23,102.3 3 0
github.com/borscht/backend/internal/order/delivery/http/order.go:106.16,108.3 1 0
github.com/borscht/backend/utils/validation/validationCases.go:5.58,7.16 2 0
github.com/borscht/backend/utils/validation/validationCases.go:10.2,11.16 2 0
github.com/borscht/backend/utils/validation/validationCases.go:14.2,15.16 2 0
github.com/borscht/backend/utils/validation/validationCases.go:18.2,19.16 2 0
github.com/borscht/backend/utils/validation/validationCases.go:23.2,23.12 1 0
github.com/borscht/backend/utils/validation/validationCases.go:7.16,9.3 1 0
github.com/borscht/backend/utils/validation/validationCases.go:11.16,13.3 1 0
github.com/borscht/backend/utils/validation/validationCases.go:15.16,17.3 1 0
github.com/borscht/backend/utils/validation/validationCases.go:19.16,21.3 1 0
github.com/borscht/backend/utils/validation/validationCases.go:26.51,28.16 2 0
github.com/borscht/backend/utils/validation/validationCases.go:31.2,32.16 2 0
github.com/borscht/backend/utils/validation/validationCases.go:36.2,36.12 1 0
github.com/borscht/backend/utils/validation/validationCases.go:28.16,30.3 1 0
github.com/borscht/backend/utils/validation/validationCases.go:32.16,34.3 1 0
github.com/borscht/backend/utils/validation/validationCases.go:39.51,41.16 2 0
github.com/borscht/backend/utils/validation/validationCases.go:44.2,45.16 2 0
github.com/borscht/backend/utils/validation/validationCases.go:48.2,49.16 2 0
github.com/borscht/backend/utils/validation/validationCases.go:52.2,53.16 2 0
github.com/borscht/backend/utils/validation/validationCases.go:57.2,57.12 1 0
github.com/borscht/backend/utils/validation/validationCases.go:41.16,43.3 1 0
github.com/borscht/backend/utils/validation/validationCases.go:45.16,47.3 1 0
github.com/borscht/backend/utils/validation/validationCases.go:49.16,51.3 1 0
github.com/borscht/backend/utils/validation/validationCases.go:53.16,55.3 1 0
github.com/borscht/backend/utils/validation/validationCases.go:59.68,61.16 2 0
github.com/borscht/backend/utils/validation/validationCases.go:64.2,65.16 2 0
github.com/borscht/backend/utils/validation/validationCases.go:68.2,69.16 2 0
github.com/borscht/backend/utils/validation/validationCases.go:72.2,73.16 2 0
github.com/borscht/backend/utils/validation/validationCases.go:77.2,77.12 1 0
github.com/borscht/backend/utils/validation/validationCases.go:61.16,63.3 1 0
github.com/borscht/backend/utils/validation/validationCases.go:65.16,67.3 1 0
github.com/borscht/backend/utils/validation/validationCases.go:69.16,71.3 1 0
github.com/borscht/backend/utils/validation/validationCases.go:73.16,75.3 1 0
github.com/borscht/backend/internal/restaurant/repository/restaurant.go:17.61,21.2 1 1
github.com/borscht/backend/internal/restaurant/repository/restaurant.go:23.109,26.16 2 1
github.com/borscht/backend/internal/restaurant/repository/restaurant.go:32.2,33.27 2 1
github.com/borscht/backend/internal/restaurant/repository/restaurant.go:49.2,49.25 1 1
github.com/borscht/backend/internal/restaurant/repository/restaurant.go:26.16,30.3 3 0
github.com/borscht/backend/internal/restaurant/repository/restaurant.go:33.27,47.3 4 1
github.com/borscht/backend/internal/restaurant/repository/restaurant.go:52.103,56.16 3 1
github.com/borscht/backend/internal/restaurant/repository/restaurant.go:62.2,63.17 2 1
github.com/borscht/backend/internal/restaurant/repository/restaurant.go:69.2,70.22 2 1
github.com/borscht/backend/internal/restaurant/repository/restaurant.go:87.2,88.16 2 1
github.com/borscht/backend/internal/restaurant/repository/restaurant.go:94.2,95.25 2 1
github.com/borscht/backend/internal/restaurant/repository/restaurant.go:56.16,60.3 3 0
github.com/borscht/backend/internal/restaurant/repository/restaurant.go:63.17,67.3 3 0
github.com/borscht/backend/internal/restaurant/repository/restaurant.go:70.22,79.17 3 1
github.com/borscht/backend/internal/restaurant/repository/restaurant.go:85.3,85.33 1 1
github.com/borscht/backend/internal/restaurant/repository/restaurant.go:79.17,83.4 3 0
github.com/borscht/backend/internal/restaurant/repository/restaurant.go:88.16,92.3 3 0
github.com/borscht/backend/internal/restaurantAdmin/usecase/section.go:16.106,21.2 1 0
github.com/borscht/backend/internal/restaurantAdmin/usecase/section.go:23.106,25.9 2 0
github.com/borscht/backend/internal/restaurantAdmin/usecase/section.go:31.2,34.16 3 0
github.com/borscht/backend/internal/restaurantAdmin/usecase/section.go:38.2,39.22 2 0
github.com/borscht/backend/internal/restaurantAdmin/usecase/section.go:25.9,29.3 3 0
github.com/borscht/backend/internal/restaurantAdmin/usecase/section.go:34.16,36.3 1 0
github.com/borscht/backend/internal/restaurantAdmin/usecase/section.go:42.109,43.21 1 0
github.com/borscht/backend/internal/restaurantAdmin/usecase/section.go:50.2,51.9 2 0
github.com/borscht/backend/internal/restaurantAdmin/usecase/section.go:57.2,58.9 2 0
github.com/borscht/backend/internal/restaurantAdmin/usecase/section.go:64.2,67.16 3 0
github.com/borscht/backend/internal/restaurantAdmin/usecase/section.go:70.2,70.22 1 0
github.com/borscht/backend/internal/restaurantAdmin/usecase/section.go:43.21,47.3 3 0
github.com/borscht/backend/internal/restaurantAdmin/usecase/section.go:51.9,55.3 3 0
github.com/borscht/backend/internal/restaurantAdmin/usecase/section.go:58.9,62.3 3 0
github.com/borscht/backend/internal/restaurantAdmin/usecase/section.go:67.16,69.3 1 0
github.com/borscht/backend/internal/restaurantAdmin/usecase/section.go:73.100,76.9 3 0
github.com/borscht/backend/internal/restaurantAdmin/usecase/section.go:82.2,82.84 1 0
github.com/borscht/backend/internal/restaurantAdmin/usecase/section.go:76.9,80.3 3 0
github.com/borscht/backend/internal/restaurantAdmin/usecase/section.go:85.88,87.16 2 0
github.com/borscht/backend/internal/restaurantAdmin/usecase/section.go:92.2,93.9 2 0
github.com/borscht/backend/internal/restaurantAdmin/usecase/section.go:99.2,103.41 2 0
github.com/borscht/backend/internal/restaurantAdmin/usecase/section.go:107.2,107.13 1 0
github.com/borscht/backend/internal/restaurantAdmin/usecase/section.go:87.16,90.3 2 0
github.com/borscht/backend/internal/restaurantAdmin/usecase/section.go:93.9,97.3 3 0
github.com/borscht/backend/internal/restaurantAdmin/usecase/section.go:103.41,105.3 1 0
github.com/borscht/backend/internal/restaurantAdmin/delivery/http/section.go:15.100,19.2 1 0
github.com/borscht/backend/internal/restaurantAdmin/delivery/http/section.go:21.58,25.43 3 0
github.com/borscht/backend/internal/restaurantAdmin/delivery/http/section.go:31.2,32.16 2 0
github.com/borscht/backend/internal/restaurantAdmin/delivery/http/section.go:36.2,36.42 1 0
github.com/borscht/backend/internal/restaurantAdmin/delivery/http/section.go:25.43,29.3 3 0
github.com/borscht/backend/internal/restaurantAdmin/delivery/http/section.go:32.16,34.3 1 0
github.com/borscht/backend/internal/restaurantAdmin/delivery/http/section.go:39.61,43.40 3 0
github.com/borscht/backend/internal/restaurantAdmin/delivery/http/section.go:49.2,50.16 2 0
github.com/borscht/backend/internal/restaurantAdmin/delivery/http/section.go:54.2,54.41 1 0
github.com/borscht/backend/internal/restaurantAdmin/delivery/http/section.go:43.40,47.3 3 0
github.com/borscht/backend/internal/restaurantAdmin/delivery/http/section.go:50.16,52.3 1 0
github.com/borscht/backend/internal/restaurantAdmin/delivery/http/section.go:57.61,61.46 3 0
github.com/borscht/backend/internal/restaurantAdmin/delivery/http/section.go:67.2,68.16 2 0
github.com/borscht/backend/internal/restaurantAdmin/delivery/http/section.go:72.2,72.42 1 0
github.com/borscht/backend/internal/restaurantAdmin/delivery/http/section.go:61.46,65.3 3 0
github.com/borscht/backend/internal/restaurantAdmin/delivery/http/section.go:68.16,70.3 1 0
github.com/borscht/backend/internal/restaurantAdmin/repository/restaurant.go:18.72,22.2 1 0
github.com/borscht/backend/internal/restaurantAdmin/repository/restaurant.go:24.113,32.16 3 0
github.com/borscht/backend/internal/restaurantAdmin/repository/restaurant.go:36.2,42.16 2 0
github.com/borscht/backend/internal/restaurantAdmin/repository/restaurant.go:48.2,48.12 1 0
github.com/borscht/backend/internal/restaurantAdmin/repository/restaurant.go:32.16,34.3 1 0
github.com/borscht/backend/internal/restaurantAdmin/repository/restaurant.go:42.16,46.3 3 0
github.com/borscht/backend/internal/restaurantAdmin/repository/restaurant.go:51.121,54.70 3 0
github.com/borscht/backend/internal/restaurantAdmin/repository/restaurant.go:58.2,59.70 2 0
github.com/borscht/backend/internal/restaurantAdmin/repository/restaurant.go:63.2,64.70 2 0
github.com/borscht/backend/internal/restaurantAdmin/repository/restaurant.go:68.2,68.12 1 0
github.com/borscht/backend/internal/restaurantAdmin/repository/restaurant.go:54.70,56.3 1 0
github.com/borscht/backend/internal/restaurantAdmin/repository/restaurant.go:59.70,61.3 1 0
github.com/borscht/backend/internal/restaurantAdmin/repository/restaurant.go:64.70,66.3 1 0
github.com/borscht/backend/internal/restaurantAdmin/repository/restaurant.go:71.113,79.16 4 0
github.com/borscht/backend/internal/restaurantAdmin/repository/restaurant.go:82.2,92.16 4 0
github.com/borscht/backend/internal/restaurantAdmin/repository/restaurant.go:98.2,98.17 1 0
github.com/borscht/backend/internal/restaurantAdmin/repository/restaurant.go:79.16,81.3 1 0
github.com/borscht/backend/internal/restaurantAdmin/repository/restaurant.go:92.16,96.3 3 0
github.com/borscht/backend/internal/restaurantAdmin/repository/restaurant.go:101.109,104.16 2 0
github.com/borscht/backend/internal/restaurantAdmin/repository/restaurant.go:110.2,110.12 1 0
github.com/borscht/backend/internal/restaurantAdmin/repository/restaurant.go:104.16,108.3 3 0
github.com/borscht/backend/internal/restaurantAdmin/repository/restaurant.go:113.141,123.26 3 0
github.com/borscht/backend/internal/restaurantAdmin/repository/restaurant.go:126.2,126.16 1 0
github.com/borscht/backend/internal/restaurantAdmin/repository/restaurant.go:132.2,132.24 1 0
github.com/borscht/backend/internal/restaurantAdmin/repository/restaurant.go:123.26,125.3 1 0
github.com/borscht/backend/internal/restaurantAdmin/repository/restaurant.go:126.16,130.3 3 0
github.com/borscht/backend/internal/restaurantAdmin/repository/restaurant.go:135.96,137.16 2 0
github.com/borscht/backend/internal/restaurantAdmin/repository/restaurant.go:141.2,142.20 2 0
github.com/borscht/backend/internal/restaurantAdmin/repository/restaurant.go:155.2,155.24 1 0
github.com/borscht/backend/internal/restaurantAdmin/repository/restaurant.go:137.16,139.3 1 0
github.com/borscht/backend/internal/restaurantAdmin/repository/restaurant.go:142.20,149.17 2 0
github.com/borscht/backend/internal/restaurantAdmin/repository/restaurant.go:149.17,153.4 3 0
github.com/borscht/backend/internal/restaurantAdmin/repository/section.go:18.66,22.2 1 0
github.com/borscht/backend/internal/restaurantAdmin/repository/section.go:24.91,30.16 3 0
github.com/borscht/backend/internal/restaurantAdmin/repository/section.go:34.2,37.16 3 0
github.com/borscht/backend/internal/restaurantAdmin/repository/section.go:43.2,43.17 1 0
github.com/borscht/backend/internal/restaurantAdmin/repository/section.go:30.16,32.3 1 0
github.com/borscht/backend/internal/restaurantAdmin/repository/section.go:37.16,41.3 3 0
github.com/borscht/backend/internal/restaurantAdmin/repository/section.go:46.87,53.16 3 0
github.com/borscht/backend/internal/restaurantAdmin/repository/section.go:57.2,60.16 2 0
github.com/borscht/backend/internal/restaurantAdmin/repository/section.go:66.2,66.12 1 0
github.com/borscht/backend/internal/restaurantAdmin/repository/section.go:53.16,55.3 1 0
github.com/borscht/backend/internal/restaurantAdmin/repository/section.go:60.16,64.3 3 0
github.com/borscht/backend/internal/restaurantAdmin/repository/section.go:69.72,71.16 2 0
github.com/borscht/backend/internal/restaurantAdmin/repository/section.go:77.2,77.12 1 0
github.com/borscht/backend/internal/restaurantAdmin/repository/section.go:71.16,75.3 3 0
github.com/borscht/backend/internal/restaurantAdmin/repository/section.go:80.88,82.16 2 0
github.com/borscht/backend/internal/restaurantAdmin/repository/section.go:86.2,87.23 2 0
github.com/borscht/backend/internal/restaurantAdmin/repository/section.go:100.2,100.21 1 0
github.com/borscht/backend/internal/restaurantAdmin/repository/section.go:82.16,84.3 1 0
github.com/borscht/backend/internal/restaurantAdmin/repository/section.go:87.23,93.17 2 0
github.com/borscht/backend/internal/restaurantAdmin/repository/section.go:93.17,97.4 3 0
github.com/borscht/backend/internal/restaurantAdmin/repository/section.go:103.102,106.16 2 0
github.com/borscht/backend/internal/restaurantAdmin/repository/section.go:112.2,113.24 2 0
github.com/borscht/backend/internal/restaurantAdmin/repository/section.go:122.2,122.22 1 0
github.com/borscht/backend/internal/restaurantAdmin/repository/section.go:106.16,110.3 3 0
github.com/borscht/backend/internal/restaurantAdmin/repository/section.go:113.24,120.3 3 0
github.com/borscht/backend/internal/restaurantAdmin/repository/section.go:125.109,127.16 2 0
github.com/borscht/backend/internal/restaurantAdmin/repository/section.go:132.2,132.22 1 0
github.com/borscht/backend/internal/restaurantAdmin/repository/section.go:141.2,141.12 1 0
github.com/borscht/backend/internal/restaurantAdmin/repository/section.go:127.16,131.3 3 0
github.com/borscht/backend/internal/restaurantAdmin/repository/section.go:132.22,136.72 4 0
github.com/borscht/backend/internal/restaurantAdmin/repository/section.go:136.72,138.4 1 0
